<ns0:test-suite xmlns:ns0="urn:model.allure.qatools.yandex.ru" start="1548036630829" stop="1548036690507">
  <name>42-我-登录</name>
  <title>42-我-登录</title>
  <labels/>
  <test-cases>
    <test-case severity="normal" start="1548036690344" status="failed" stop="1548036690347">
      <description>注册pvs1-条数</description>
      <name>注册pvs1-条数</name>
      <failure>
        <message>Parent suite setup failed:
WebDriverException: Message: An unknown server-side error occurred while processing the command. Original error: Unable to launch WebDriverAgent because of xcodebuild failure: "xcodebuild failed with code 65". Make sure you follow the tutorial at https://github.com/appium/appium-xcuitest-driver/blob/master/docs/real-device-config.md. Try to remove the WebDriverAgentRunner application from the device if it is installed and reboot the device.
</message>
        <stack-trace></stack-trace>
      </failure>
      <attachments/>
      <labels>
        <label name="issue" value="1"/>
        <label name="issue" value="5.7.0.04第五轮"/>
        <label name="thread" value="-1451228736"/>
      </labels>
      <steps/>
    </test-case>
    <test-case severity="normal" start="1548036690350" status="failed" stop="1548036690352">
      <description>注册pvs1-字段</description>
      <name>注册pvs1-字段</name>
      <failure>
        <message>Parent suite setup failed:
WebDriverException: Message: An unknown server-side error occurred while processing the command. Original error: Unable to launch WebDriverAgent because of xcodebuild failure: "xcodebuild failed with code 65". Make sure you follow the tutorial at https://github.com/appium/appium-xcuitest-driver/blob/master/docs/real-device-config.md. Try to remove the WebDriverAgentRunner application from the device if it is installed and reboot the device.
</message>
        <stack-trace></stack-trace>
      </failure>
      <attachments/>
      <labels>
        <label name="issue" value="1"/>
        <label name="issue" value="5.7.0.04第五轮"/>
        <label name="thread" value="-1451228736"/>
      </labels>
      <steps/>
    </test-case>
    <test-case severity="normal" start="1548036690354" status="failed" stop="1548036690356">
      <description>注册pvs1-字段名</description>
      <name>注册pvs1-字段名</name>
      <failure>
        <message>Parent suite setup failed:
WebDriverException: Message: An unknown server-side error occurred while processing the command. Original error: Unable to launch WebDriverAgent because of xcodebuild failure: "xcodebuild failed with code 65". Make sure you follow the tutorial at https://github.com/appium/appium-xcuitest-driver/blob/master/docs/real-device-config.md. Try to remove the WebDriverAgentRunner application from the device if it is installed and reboot the device.
</message>
        <stack-trace></stack-trace>
      </failure>
      <attachments/>
      <labels>
        <label name="issue" value="1"/>
        <label name="issue" value="5.7.0.04第五轮"/>
        <label name="thread" value="-1451228736"/>
      </labels>
      <steps/>
    </test-case>
    <test-case severity="normal" start="1548036690357" status="failed" stop="1548036690359">
      <description>图片验证码VerifyImgGet-条数</description>
      <name>图片验证码VerifyImgGet-条数</name>
      <failure>
        <message>Parent suite setup failed:
WebDriverException: Message: An unknown server-side error occurred while processing the command. Original error: Unable to launch WebDriverAgent because of xcodebuild failure: "xcodebuild failed with code 65". Make sure you follow the tutorial at https://github.com/appium/appium-xcuitest-driver/blob/master/docs/real-device-config.md. Try to remove the WebDriverAgentRunner application from the device if it is installed and reboot the device.
</message>
        <stack-trace></stack-trace>
      </failure>
      <attachments/>
      <labels>
        <label name="issue" value="1"/>
        <label name="issue" value="5.7.0.04第五轮"/>
        <label name="thread" value="-1451228736"/>
      </labels>
      <steps/>
    </test-case>
    <test-case severity="normal" start="1548036690361" status="failed" stop="1548036690364">
      <description>图片验证码VerifyImgGet-字段</description>
      <name>图片验证码VerifyImgGet-字段</name>
      <failure>
        <message>Parent suite setup failed:
WebDriverException: Message: An unknown server-side error occurred while processing the command. Original error: Unable to launch WebDriverAgent because of xcodebuild failure: "xcodebuild failed with code 65". Make sure you follow the tutorial at https://github.com/appium/appium-xcuitest-driver/blob/master/docs/real-device-config.md. Try to remove the WebDriverAgentRunner application from the device if it is installed and reboot the device.
</message>
        <stack-trace></stack-trace>
      </failure>
      <attachments/>
      <labels>
        <label name="issue" value="1"/>
        <label name="issue" value="5.7.0.04第五轮"/>
        <label name="thread" value="-1451228736"/>
      </labels>
      <steps/>
    </test-case>
    <test-case severity="normal" start="1548036690366" status="failed" stop="1548036690369">
      <description>图片验证码VerifyImgGet-字段名</description>
      <name>图片验证码VerifyImgGet-字段名</name>
      <failure>
        <message>Parent suite setup failed:
WebDriverException: Message: An unknown server-side error occurred while processing the command. Original error: Unable to launch WebDriverAgent because of xcodebuild failure: "xcodebuild failed with code 65". Make sure you follow the tutorial at https://github.com/appium/appium-xcuitest-driver/blob/master/docs/real-device-config.md. Try to remove the WebDriverAgentRunner application from the device if it is installed and reboot the device.
</message>
        <stack-trace></stack-trace>
      </failure>
      <attachments/>
      <labels>
        <label name="issue" value="1"/>
        <label name="issue" value="5.7.0.04第五轮"/>
        <label name="thread" value="-1451228736"/>
      </labels>
      <steps/>
    </test-case>
    <test-case severity="normal" start="1548036690371" status="failed" stop="1548036690374">
      <description>注册返回pvs1-条数</description>
      <name>注册返回pvs1-条数</name>
      <failure>
        <message>Parent suite setup failed:
WebDriverException: Message: An unknown server-side error occurred while processing the command. Original error: Unable to launch WebDriverAgent because of xcodebuild failure: "xcodebuild failed with code 65". Make sure you follow the tutorial at https://github.com/appium/appium-xcuitest-driver/blob/master/docs/real-device-config.md. Try to remove the WebDriverAgentRunner application from the device if it is installed and reboot the device.
</message>
        <stack-trace></stack-trace>
      </failure>
      <attachments/>
      <labels>
        <label name="issue" value="1"/>
        <label name="issue" value="5.7.0.04第五轮"/>
        <label name="thread" value="-1451228736"/>
      </labels>
      <steps/>
    </test-case>
    <test-case severity="normal" start="1548036690376" status="failed" stop="1548036690381">
      <description>注册返回pvs1-字段</description>
      <name>注册返回pvs1-字段</name>
      <failure>
        <message>Parent suite setup failed:
WebDriverException: Message: An unknown server-side error occurred while processing the command. Original error: Unable to launch WebDriverAgent because of xcodebuild failure: "xcodebuild failed with code 65". Make sure you follow the tutorial at https://github.com/appium/appium-xcuitest-driver/blob/master/docs/real-device-config.md. Try to remove the WebDriverAgentRunner application from the device if it is installed and reboot the device.
</message>
        <stack-trace></stack-trace>
      </failure>
      <attachments/>
      <labels>
        <label name="issue" value="1"/>
        <label name="issue" value="5.7.0.04第五轮"/>
        <label name="thread" value="-1451228736"/>
      </labels>
      <steps/>
    </test-case>
    <test-case severity="normal" start="1548036690383" status="failed" stop="1548036690386">
      <description>注册返回pvs1-字段名</description>
      <name>注册返回pvs1-字段名</name>
      <failure>
        <message>Parent suite setup failed:
WebDriverException: Message: An unknown server-side error occurred while processing the command. Original error: Unable to launch WebDriverAgent because of xcodebuild failure: "xcodebuild failed with code 65". Make sure you follow the tutorial at https://github.com/appium/appium-xcuitest-driver/blob/master/docs/real-device-config.md. Try to remove the WebDriverAgentRunner application from the device if it is installed and reboot the device.
</message>
        <stack-trace></stack-trace>
      </failure>
      <attachments/>
      <labels>
        <label name="issue" value="1"/>
        <label name="issue" value="5.7.0.04第五轮"/>
        <label name="thread" value="-1451228736"/>
      </labels>
      <steps/>
    </test-case>
    <test-case severity="normal" start="1548036690391" status="failed" stop="1548036690394">
      <description>账号密码登录pvs1-条数</description>
      <name>账号密码登录pvs1-条数</name>
      <failure>
        <message>Parent suite setup failed:
WebDriverException: Message: An unknown server-side error occurred while processing the command. Original error: Unable to launch WebDriverAgent because of xcodebuild failure: "xcodebuild failed with code 65". Make sure you follow the tutorial at https://github.com/appium/appium-xcuitest-driver/blob/master/docs/real-device-config.md. Try to remove the WebDriverAgentRunner application from the device if it is installed and reboot the device.
</message>
        <stack-trace></stack-trace>
      </failure>
      <attachments/>
      <labels>
        <label name="issue" value="1"/>
        <label name="issue" value="5.7.0.04第五轮"/>
        <label name="thread" value="-1451228736"/>
      </labels>
      <steps/>
    </test-case>
    <test-case severity="normal" start="1548036690396" status="failed" stop="1548036690399">
      <description>账号密码登录pvs1-字段</description>
      <name>账号密码登录pvs1-字段</name>
      <failure>
        <message>Parent suite setup failed:
WebDriverException: Message: An unknown server-side error occurred while processing the command. Original error: Unable to launch WebDriverAgent because of xcodebuild failure: "xcodebuild failed with code 65". Make sure you follow the tutorial at https://github.com/appium/appium-xcuitest-driver/blob/master/docs/real-device-config.md. Try to remove the WebDriverAgentRunner application from the device if it is installed and reboot the device.
</message>
        <stack-trace></stack-trace>
      </failure>
      <attachments/>
      <labels>
        <label name="issue" value="1"/>
        <label name="issue" value="5.7.0.04第五轮"/>
        <label name="thread" value="-1451228736"/>
      </labels>
      <steps/>
    </test-case>
    <test-case severity="normal" start="1548036690401" status="failed" stop="1548036690403">
      <description>账号密码登录pvs1-字段名</description>
      <name>账号密码登录pvs1-字段名</name>
      <failure>
        <message>Parent suite setup failed:
WebDriverException: Message: An unknown server-side error occurred while processing the command. Original error: Unable to launch WebDriverAgent because of xcodebuild failure: "xcodebuild failed with code 65". Make sure you follow the tutorial at https://github.com/appium/appium-xcuitest-driver/blob/master/docs/real-device-config.md. Try to remove the WebDriverAgentRunner application from the device if it is installed and reboot the device.
</message>
        <stack-trace></stack-trace>
      </failure>
      <attachments/>
      <labels>
        <label name="issue" value="1"/>
        <label name="issue" value="5.7.0.04第五轮"/>
        <label name="thread" value="-1451228736"/>
      </labels>
      <steps/>
    </test-case>
    <test-case severity="normal" start="1548036690405" status="failed" stop="1548036690407">
      <description>手机号登录成功pvs1-条数</description>
      <name>手机号登录成功pvs1-条数</name>
      <failure>
        <message>Parent suite setup failed:
WebDriverException: Message: An unknown server-side error occurred while processing the command. Original error: Unable to launch WebDriverAgent because of xcodebuild failure: "xcodebuild failed with code 65". Make sure you follow the tutorial at https://github.com/appium/appium-xcuitest-driver/blob/master/docs/real-device-config.md. Try to remove the WebDriverAgentRunner application from the device if it is installed and reboot the device.
</message>
        <stack-trace></stack-trace>
      </failure>
      <attachments/>
      <labels>
        <label name="issue" value="1"/>
        <label name="issue" value="5.7.0.04第五轮"/>
        <label name="thread" value="-1451228736"/>
      </labels>
      <steps/>
    </test-case>
    <test-case severity="normal" start="1548036690408" status="failed" stop="1548036690410">
      <description>手机号登录成功pvs1-字段</description>
      <name>手机号登录成功pvs1-字段</name>
      <failure>
        <message>Parent suite setup failed:
WebDriverException: Message: An unknown server-side error occurred while processing the command. Original error: Unable to launch WebDriverAgent because of xcodebuild failure: "xcodebuild failed with code 65". Make sure you follow the tutorial at https://github.com/appium/appium-xcuitest-driver/blob/master/docs/real-device-config.md. Try to remove the WebDriverAgentRunner application from the device if it is installed and reboot the device.
</message>
        <stack-trace></stack-trace>
      </failure>
      <attachments/>
      <labels>
        <label name="issue" value="1"/>
        <label name="issue" value="5.7.0.04第五轮"/>
        <label name="thread" value="-1451228736"/>
      </labels>
      <steps/>
    </test-case>
    <test-case severity="normal" start="1548036690414" status="failed" stop="1548036690416">
      <description>手机号登录成功pvs1-字段名</description>
      <name>手机号登录成功pvs1-字段名</name>
      <failure>
        <message>Parent suite setup failed:
WebDriverException: Message: An unknown server-side error occurred while processing the command. Original error: Unable to launch WebDriverAgent because of xcodebuild failure: "xcodebuild failed with code 65". Make sure you follow the tutorial at https://github.com/appium/appium-xcuitest-driver/blob/master/docs/real-device-config.md. Try to remove the WebDriverAgentRunner application from the device if it is installed and reboot the device.
</message>
        <stack-trace></stack-trace>
      </failure>
      <attachments/>
      <labels>
        <label name="issue" value="1"/>
        <label name="issue" value="5.7.0.04第五轮"/>
        <label name="thread" value="-1451228736"/>
      </labels>
      <steps/>
    </test-case>
    <test-case severity="normal" start="1548036690418" status="failed" stop="1548036690421">
      <description>手机号登录click-条数</description>
      <name>手机号登录click-条数</name>
      <failure>
        <message>Parent suite setup failed:
WebDriverException: Message: An unknown server-side error occurred while processing the command. Original error: Unable to launch WebDriverAgent because of xcodebuild failure: "xcodebuild failed with code 65". Make sure you follow the tutorial at https://github.com/appium/appium-xcuitest-driver/blob/master/docs/real-device-config.md. Try to remove the WebDriverAgentRunner application from the device if it is installed and reboot the device.
</message>
        <stack-trace></stack-trace>
      </failure>
      <attachments/>
      <labels>
        <label name="issue" value="1"/>
        <label name="issue" value="5.7.0.04第五轮"/>
        <label name="thread" value="-1451228736"/>
      </labels>
      <steps/>
    </test-case>
    <test-case severity="normal" start="1548036690423" status="failed" stop="1548036690425">
      <description>手机号登录click-字段</description>
      <name>手机号登录click-字段</name>
      <failure>
        <message>Parent suite setup failed:
WebDriverException: Message: An unknown server-side error occurred while processing the command. Original error: Unable to launch WebDriverAgent because of xcodebuild failure: "xcodebuild failed with code 65". Make sure you follow the tutorial at https://github.com/appium/appium-xcuitest-driver/blob/master/docs/real-device-config.md. Try to remove the WebDriverAgentRunner application from the device if it is installed and reboot the device.
</message>
        <stack-trace></stack-trace>
      </failure>
      <attachments/>
      <labels>
        <label name="issue" value="1"/>
        <label name="issue" value="5.7.0.04第五轮"/>
        <label name="thread" value="-1451228736"/>
      </labels>
      <steps/>
    </test-case>
    <test-case severity="normal" start="1548036690428" status="failed" stop="1548036690432">
      <description>手机号登录click-字段名</description>
      <name>手机号登录click-字段名</name>
      <failure>
        <message>Parent suite setup failed:
WebDriverException: Message: An unknown server-side error occurred while processing the command. Original error: Unable to launch WebDriverAgent because of xcodebuild failure: "xcodebuild failed with code 65". Make sure you follow the tutorial at https://github.com/appium/appium-xcuitest-driver/blob/master/docs/real-device-config.md. Try to remove the WebDriverAgentRunner application from the device if it is installed and reboot the device.
</message>
        <stack-trace></stack-trace>
      </failure>
      <attachments/>
      <labels>
        <label name="issue" value="1"/>
        <label name="issue" value="5.7.0.04第五轮"/>
        <label name="thread" value="-1451228736"/>
      </labels>
      <steps/>
    </test-case>
    <test-case severity="normal" start="1548036690434" status="failed" stop="1548036690440">
      <description>退出登录pvs1-条数</description>
      <name>退出登录pvs1-条数</name>
      <failure>
        <message>Parent suite setup failed:
WebDriverException: Message: An unknown server-side error occurred while processing the command. Original error: Unable to launch WebDriverAgent because of xcodebuild failure: "xcodebuild failed with code 65". Make sure you follow the tutorial at https://github.com/appium/appium-xcuitest-driver/blob/master/docs/real-device-config.md. Try to remove the WebDriverAgentRunner application from the device if it is installed and reboot the device.
</message>
        <stack-trace></stack-trace>
      </failure>
      <attachments/>
      <labels>
        <label name="issue" value="1"/>
        <label name="issue" value="5.7.0.04第五轮"/>
        <label name="thread" value="-1451228736"/>
      </labels>
      <steps/>
    </test-case>
    <test-case severity="normal" start="1548036690443" status="failed" stop="1548036690447">
      <description>退出登录pvs1-字段</description>
      <name>退出登录pvs1-字段</name>
      <failure>
        <message>Parent suite setup failed:
WebDriverException: Message: An unknown server-side error occurred while processing the command. Original error: Unable to launch WebDriverAgent because of xcodebuild failure: "xcodebuild failed with code 65". Make sure you follow the tutorial at https://github.com/appium/appium-xcuitest-driver/blob/master/docs/real-device-config.md. Try to remove the WebDriverAgentRunner application from the device if it is installed and reboot the device.
</message>
        <stack-trace></stack-trace>
      </failure>
      <attachments/>
      <labels>
        <label name="issue" value="1"/>
        <label name="issue" value="5.7.0.04第五轮"/>
        <label name="thread" value="-1451228736"/>
      </labels>
      <steps/>
    </test-case>
    <test-case severity="normal" start="1548036690449" status="failed" stop="1548036690453">
      <description>退出登录pvs1-字段名</description>
      <name>退出登录pvs1-字段名</name>
      <failure>
        <message>Parent suite setup failed:
WebDriverException: Message: An unknown server-side error occurred while processing the command. Original error: Unable to launch WebDriverAgent because of xcodebuild failure: "xcodebuild failed with code 65". Make sure you follow the tutorial at https://github.com/appium/appium-xcuitest-driver/blob/master/docs/real-device-config.md. Try to remove the WebDriverAgentRunner application from the device if it is installed and reboot the device.
</message>
        <stack-trace></stack-trace>
      </failure>
      <attachments/>
      <labels>
        <label name="issue" value="1"/>
        <label name="issue" value="5.7.0.04第五轮"/>
        <label name="thread" value="-1451228736"/>
      </labels>
      <steps/>
    </test-case>
    <test-case severity="normal" start="1548036690456" status="failed" stop="1548036690460">
      <description>退出登录click-条数</description>
      <name>退出登录click-条数</name>
      <failure>
        <message>Parent suite setup failed:
WebDriverException: Message: An unknown server-side error occurred while processing the command. Original error: Unable to launch WebDriverAgent because of xcodebuild failure: "xcodebuild failed with code 65". Make sure you follow the tutorial at https://github.com/appium/appium-xcuitest-driver/blob/master/docs/real-device-config.md. Try to remove the WebDriverAgentRunner application from the device if it is installed and reboot the device.
</message>
        <stack-trace></stack-trace>
      </failure>
      <attachments/>
      <labels>
        <label name="issue" value="1"/>
        <label name="issue" value="5.7.0.04第五轮"/>
        <label name="thread" value="-1451228736"/>
      </labels>
      <steps/>
    </test-case>
    <test-case severity="normal" start="1548036690465" status="failed" stop="1548036690469">
      <description>退出登录click-字段</description>
      <name>退出登录click-字段</name>
      <failure>
        <message>Parent suite setup failed:
WebDriverException: Message: An unknown server-side error occurred while processing the command. Original error: Unable to launch WebDriverAgent because of xcodebuild failure: "xcodebuild failed with code 65". Make sure you follow the tutorial at https://github.com/appium/appium-xcuitest-driver/blob/master/docs/real-device-config.md. Try to remove the WebDriverAgentRunner application from the device if it is installed and reboot the device.
</message>
        <stack-trace></stack-trace>
      </failure>
      <attachments/>
      <labels>
        <label name="issue" value="1"/>
        <label name="issue" value="5.7.0.04第五轮"/>
        <label name="thread" value="-1451228736"/>
      </labels>
      <steps/>
    </test-case>
    <test-case severity="normal" start="1548036690471" status="failed" stop="1548036690474">
      <description>退出登录click-字段名</description>
      <name>退出登录click-字段名</name>
      <failure>
        <message>Parent suite setup failed:
WebDriverException: Message: An unknown server-side error occurred while processing the command. Original error: Unable to launch WebDriverAgent because of xcodebuild failure: "xcodebuild failed with code 65". Make sure you follow the tutorial at https://github.com/appium/appium-xcuitest-driver/blob/master/docs/real-device-config.md. Try to remove the WebDriverAgentRunner application from the device if it is installed and reboot the device.
</message>
        <stack-trace></stack-trace>
      </failure>
      <attachments/>
      <labels>
        <label name="issue" value="1"/>
        <label name="issue" value="5.7.0.04第五轮"/>
        <label name="thread" value="-1451228736"/>
      </labels>
      <steps/>
    </test-case>
    <test-case severity="normal" start="1548036690477" status="failed" stop="1548036690480">
      <description>邮箱登录pvs1-条数</description>
      <name>邮箱登录pvs1-条数</name>
      <failure>
        <message>Parent suite setup failed:
WebDriverException: Message: An unknown server-side error occurred while processing the command. Original error: Unable to launch WebDriverAgent because of xcodebuild failure: "xcodebuild failed with code 65". Make sure you follow the tutorial at https://github.com/appium/appium-xcuitest-driver/blob/master/docs/real-device-config.md. Try to remove the WebDriverAgentRunner application from the device if it is installed and reboot the device.
</message>
        <stack-trace></stack-trace>
      </failure>
      <attachments/>
      <labels>
        <label name="issue" value="1"/>
        <label name="issue" value="5.7.0.04第五轮"/>
        <label name="thread" value="-1451228736"/>
      </labels>
      <steps/>
    </test-case>
    <test-case severity="normal" start="1548036690482" status="failed" stop="1548036690486">
      <description>邮箱登录pvs1-字段</description>
      <name>邮箱登录pvs1-字段</name>
      <failure>
        <message>Parent suite setup failed:
WebDriverException: Message: An unknown server-side error occurred while processing the command. Original error: Unable to launch WebDriverAgent because of xcodebuild failure: "xcodebuild failed with code 65". Make sure you follow the tutorial at https://github.com/appium/appium-xcuitest-driver/blob/master/docs/real-device-config.md. Try to remove the WebDriverAgentRunner application from the device if it is installed and reboot the device.
</message>
        <stack-trace></stack-trace>
      </failure>
      <attachments/>
      <labels>
        <label name="issue" value="1"/>
        <label name="issue" value="5.7.0.04第五轮"/>
        <label name="thread" value="-1451228736"/>
      </labels>
      <steps/>
    </test-case>
    <test-case severity="normal" start="1548036690490" status="failed" stop="1548036690493">
      <description>邮箱登录pvs1-字段名</description>
      <name>邮箱登录pvs1-字段名</name>
      <failure>
        <message>Parent suite setup failed:
WebDriverException: Message: An unknown server-side error occurred while processing the command. Original error: Unable to launch WebDriverAgent because of xcodebuild failure: "xcodebuild failed with code 65". Make sure you follow the tutorial at https://github.com/appium/appium-xcuitest-driver/blob/master/docs/real-device-config.md. Try to remove the WebDriverAgentRunner application from the device if it is installed and reboot the device.
</message>
        <stack-trace></stack-trace>
      </failure>
      <attachments/>
      <labels>
        <label name="issue" value="1"/>
        <label name="issue" value="5.7.0.04第五轮"/>
        <label name="thread" value="-1451228736"/>
      </labels>
      <steps>
        <step start="1548036690496" status="passed" stop="1548036690498">
          <name>BuiltIn.Run Keyword And Ignore Error</name>
          <title>BuiltIn.Run Keyword And Ignore Error</title>
          <attachments/>
          <steps>
            <step start="1548036690497" status="passed" stop="1548036690498">
              <name>AppiumLibrary.Close All Applications</name>
              <title>AppiumLibrary.Close All Applications</title>
              <attachments/>
              <steps/>
            </step>
          </steps>
        </step>
      </steps>
    </test-case>
  </test-cases>
</ns0:test-suite>
