<ns0:test-suite xmlns:ns0="urn:model.allure.qatools.yandex.ru" start="1548036202859" stop="1548036331581">
  <name>1-点播</name>
  <title>1-点播</title>
  <labels/>
  <test-cases>
    <test-case severity="normal" start="1548036330783" status="failed" stop="1548036330786">
      <description>打开应用st-条数</description>
      <name>打开应用st-条数</name>
      <failure>
        <message>Parent suite setup failed:
WebDriverException: Message: An unknown server-side error occurred while processing the command. Original error: Unable to launch WebDriverAgent because of xcodebuild failure: "xcodebuild failed with code 65". Make sure you follow the tutorial at https://github.com/appium/appium-xcuitest-driver/blob/master/docs/real-device-config.md. Try to remove the WebDriverAgentRunner application from the device if it is installed and reboot the device.
</message>
        <stack-trace></stack-trace>
      </failure>
      <attachments/>
      <labels>
        <label name="issue" value="1"/>
        <label name="issue" value="5.7.0.04第五轮"/>
        <label name="thread" value="-1451228736"/>
      </labels>
      <steps/>
    </test-case>
    <test-case severity="normal" start="1548036330787" status="failed" stop="1548036330790">
      <description>打开应用st-字段</description>
      <name>打开应用st-字段</name>
      <failure>
        <message>Parent suite setup failed:
WebDriverException: Message: An unknown server-side error occurred while processing the command. Original error: Unable to launch WebDriverAgent because of xcodebuild failure: "xcodebuild failed with code 65". Make sure you follow the tutorial at https://github.com/appium/appium-xcuitest-driver/blob/master/docs/real-device-config.md. Try to remove the WebDriverAgentRunner application from the device if it is installed and reboot the device.
</message>
        <stack-trace></stack-trace>
      </failure>
      <attachments/>
      <labels>
        <label name="issue" value="1"/>
        <label name="issue" value="5.7.0.04第五轮"/>
        <label name="thread" value="-1451228736"/>
      </labels>
      <steps/>
    </test-case>
    <test-case severity="normal" start="1548036330792" status="failed" stop="1548036330796">
      <description>打开应用st-字段值</description>
      <name>打开应用st-字段值</name>
      <failure>
        <message>Parent suite setup failed:
WebDriverException: Message: An unknown server-side error occurred while processing the command. Original error: Unable to launch WebDriverAgent because of xcodebuild failure: "xcodebuild failed with code 65". Make sure you follow the tutorial at https://github.com/appium/appium-xcuitest-driver/blob/master/docs/real-device-config.md. Try to remove the WebDriverAgentRunner application from the device if it is installed and reboot the device.
</message>
        <stack-trace></stack-trace>
      </failure>
      <attachments/>
      <labels>
        <label name="issue" value="1"/>
        <label name="issue" value="5.7.0.04第五轮"/>
        <label name="thread" value="-1451228736"/>
      </labels>
      <steps/>
    </test-case>
    <test-case severity="normal" start="1548036330798" status="failed" stop="1548036330800">
      <description>开机广告cdn1-条数</description>
      <name>开机广告cdn1-条数</name>
      <failure>
        <message>Parent suite setup failed:
WebDriverException: Message: An unknown server-side error occurred while processing the command. Original error: Unable to launch WebDriverAgent because of xcodebuild failure: "xcodebuild failed with code 65". Make sure you follow the tutorial at https://github.com/appium/appium-xcuitest-driver/blob/master/docs/real-device-config.md. Try to remove the WebDriverAgentRunner application from the device if it is installed and reboot the device.
</message>
        <stack-trace></stack-trace>
      </failure>
      <attachments/>
      <labels>
        <label name="issue" value="1"/>
        <label name="issue" value="5.7.0.04第五轮"/>
        <label name="thread" value="-1451228736"/>
      </labels>
      <steps/>
    </test-case>
    <test-case severity="normal" start="1548036330803" status="failed" stop="1548036330805">
      <description>开机广告cdn1-字段</description>
      <name>开机广告cdn1-字段</name>
      <failure>
        <message>Parent suite setup failed:
WebDriverException: Message: An unknown server-side error occurred while processing the command. Original error: Unable to launch WebDriverAgent because of xcodebuild failure: "xcodebuild failed with code 65". Make sure you follow the tutorial at https://github.com/appium/appium-xcuitest-driver/blob/master/docs/real-device-config.md. Try to remove the WebDriverAgentRunner application from the device if it is installed and reboot the device.
</message>
        <stack-trace></stack-trace>
      </failure>
      <attachments/>
      <labels>
        <label name="issue" value="1"/>
        <label name="issue" value="5.7.0.04第五轮"/>
        <label name="thread" value="-1451228736"/>
      </labels>
      <steps/>
    </test-case>
    <test-case severity="normal" start="1548036330808" status="failed" stop="1548036330813">
      <description>开机广告cdn1-字段值</description>
      <name>开机广告cdn1-字段值</name>
      <failure>
        <message>Parent suite setup failed:
WebDriverException: Message: An unknown server-side error occurred while processing the command. Original error: Unable to launch WebDriverAgent because of xcodebuild failure: "xcodebuild failed with code 65". Make sure you follow the tutorial at https://github.com/appium/appium-xcuitest-driver/blob/master/docs/real-device-config.md. Try to remove the WebDriverAgentRunner application from the device if it is installed and reboot the device.
</message>
        <stack-trace></stack-trace>
      </failure>
      <attachments/>
      <labels>
        <label name="issue" value="1"/>
        <label name="issue" value="5.7.0.04第五轮"/>
        <label name="thread" value="-1451228736"/>
      </labels>
      <steps/>
    </test-case>
    <test-case severity="normal" start="1548036330815" status="failed" stop="1548036330820">
      <description>开机广告cdn3-条数</description>
      <name>开机广告cdn3-条数</name>
      <failure>
        <message>Parent suite setup failed:
WebDriverException: Message: An unknown server-side error occurred while processing the command. Original error: Unable to launch WebDriverAgent because of xcodebuild failure: "xcodebuild failed with code 65". Make sure you follow the tutorial at https://github.com/appium/appium-xcuitest-driver/blob/master/docs/real-device-config.md. Try to remove the WebDriverAgentRunner application from the device if it is installed and reboot the device.
</message>
        <stack-trace></stack-trace>
      </failure>
      <attachments/>
      <labels>
        <label name="issue" value="1"/>
        <label name="issue" value="5.7.0.04第五轮"/>
        <label name="thread" value="-1451228736"/>
      </labels>
      <steps/>
    </test-case>
    <test-case severity="normal" start="1548036330822" status="failed" stop="1548036330826">
      <description>开机广告cdn3-字段</description>
      <name>开机广告cdn3-字段</name>
      <failure>
        <message>Parent suite setup failed:
WebDriverException: Message: An unknown server-side error occurred while processing the command. Original error: Unable to launch WebDriverAgent because of xcodebuild failure: "xcodebuild failed with code 65". Make sure you follow the tutorial at https://github.com/appium/appium-xcuitest-driver/blob/master/docs/real-device-config.md. Try to remove the WebDriverAgentRunner application from the device if it is installed and reboot the device.
</message>
        <stack-trace></stack-trace>
      </failure>
      <attachments/>
      <labels>
        <label name="issue" value="1"/>
        <label name="issue" value="5.7.0.04第五轮"/>
        <label name="thread" value="-1451228736"/>
      </labels>
      <steps/>
    </test-case>
    <test-case severity="normal" start="1548036330830" status="failed" stop="1548036330835">
      <description>开机广告cdn3-字段值</description>
      <name>开机广告cdn3-字段值</name>
      <failure>
        <message>Parent suite setup failed:
WebDriverException: Message: An unknown server-side error occurred while processing the command. Original error: Unable to launch WebDriverAgent because of xcodebuild failure: "xcodebuild failed with code 65". Make sure you follow the tutorial at https://github.com/appium/appium-xcuitest-driver/blob/master/docs/real-device-config.md. Try to remove the WebDriverAgentRunner application from the device if it is installed and reboot the device.
</message>
        <stack-trace></stack-trace>
      </failure>
      <attachments/>
      <labels>
        <label name="issue" value="1"/>
        <label name="issue" value="5.7.0.04第五轮"/>
        <label name="thread" value="-1451228736"/>
      </labels>
      <steps/>
    </test-case>
    <test-case severity="normal" start="1548036330838" status="failed" stop="1548036330842">
      <description>空白缓存页pvs1-条数</description>
      <name>空白缓存页pvs1-条数</name>
      <failure>
        <message>Parent suite setup failed:
WebDriverException: Message: An unknown server-side error occurred while processing the command. Original error: Unable to launch WebDriverAgent because of xcodebuild failure: "xcodebuild failed with code 65". Make sure you follow the tutorial at https://github.com/appium/appium-xcuitest-driver/blob/master/docs/real-device-config.md. Try to remove the WebDriverAgentRunner application from the device if it is installed and reboot the device.
</message>
        <stack-trace></stack-trace>
      </failure>
      <attachments/>
      <labels>
        <label name="issue" value="1"/>
        <label name="issue" value="5.7.0.04第五轮"/>
        <label name="thread" value="-1451228736"/>
      </labels>
      <steps/>
    </test-case>
    <test-case severity="normal" start="1548036330847" status="failed" stop="1548036330851">
      <description>空白缓存页pvs1-字段</description>
      <name>空白缓存页pvs1-字段</name>
      <failure>
        <message>Parent suite setup failed:
WebDriverException: Message: An unknown server-side error occurred while processing the command. Original error: Unable to launch WebDriverAgent because of xcodebuild failure: "xcodebuild failed with code 65". Make sure you follow the tutorial at https://github.com/appium/appium-xcuitest-driver/blob/master/docs/real-device-config.md. Try to remove the WebDriverAgentRunner application from the device if it is installed and reboot the device.
</message>
        <stack-trace></stack-trace>
      </failure>
      <attachments/>
      <labels>
        <label name="issue" value="1"/>
        <label name="issue" value="5.7.0.04第五轮"/>
        <label name="thread" value="-1451228736"/>
      </labels>
      <steps/>
    </test-case>
    <test-case severity="normal" start="1548036330854" status="failed" stop="1548036330857">
      <description>空白缓存页pvs1-字段值</description>
      <name>空白缓存页pvs1-字段值</name>
      <failure>
        <message>Parent suite setup failed:
WebDriverException: Message: An unknown server-side error occurred while processing the command. Original error: Unable to launch WebDriverAgent because of xcodebuild failure: "xcodebuild failed with code 65". Make sure you follow the tutorial at https://github.com/appium/appium-xcuitest-driver/blob/master/docs/real-device-config.md. Try to remove the WebDriverAgentRunner application from the device if it is installed and reboot the device.
</message>
        <stack-trace></stack-trace>
      </failure>
      <attachments/>
      <labels>
        <label name="issue" value="1"/>
        <label name="issue" value="5.7.0.04第五轮"/>
        <label name="thread" value="-1451228736"/>
      </labels>
      <steps/>
    </test-case>
    <test-case severity="normal" start="1548036330859" status="failed" stop="1548036330862">
      <description>空白缓存页提示</description>
      <name>空白缓存页提示</name>
      <failure>
        <message>Parent suite setup failed:
WebDriverException: Message: An unknown server-side error occurred while processing the command. Original error: Unable to launch WebDriverAgent because of xcodebuild failure: "xcodebuild failed with code 65". Make sure you follow the tutorial at https://github.com/appium/appium-xcuitest-driver/blob/master/docs/real-device-config.md. Try to remove the WebDriverAgentRunner application from the device if it is installed and reboot the device.
</message>
        <stack-trace></stack-trace>
      </failure>
      <attachments/>
      <labels>
        <label name="issue" value="1"/>
        <label name="issue" value="5.7.0.04第五轮"/>
        <label name="thread" value="-1451228736"/>
      </labels>
      <steps/>
    </test-case>
    <test-case severity="normal" start="1548036330864" status="failed" stop="1548036330867">
      <description>空白缓存页返回pvs1-条数</description>
      <name>空白缓存页返回pvs1-条数</name>
      <failure>
        <message>Parent suite setup failed:
WebDriverException: Message: An unknown server-side error occurred while processing the command. Original error: Unable to launch WebDriverAgent because of xcodebuild failure: "xcodebuild failed with code 65". Make sure you follow the tutorial at https://github.com/appium/appium-xcuitest-driver/blob/master/docs/real-device-config.md. Try to remove the WebDriverAgentRunner application from the device if it is installed and reboot the device.
</message>
        <stack-trace></stack-trace>
      </failure>
      <attachments/>
      <labels>
        <label name="issue" value="1"/>
        <label name="issue" value="5.7.0.04第五轮"/>
        <label name="thread" value="-1451228736"/>
      </labels>
      <steps/>
    </test-case>
    <test-case severity="normal" start="1548036330870" status="failed" stop="1548036330872">
      <description>空白缓存页返回pvs1-字段</description>
      <name>空白缓存页返回pvs1-字段</name>
      <failure>
        <message>Parent suite setup failed:
WebDriverException: Message: An unknown server-side error occurred while processing the command. Original error: Unable to launch WebDriverAgent because of xcodebuild failure: "xcodebuild failed with code 65". Make sure you follow the tutorial at https://github.com/appium/appium-xcuitest-driver/blob/master/docs/real-device-config.md. Try to remove the WebDriverAgentRunner application from the device if it is installed and reboot the device.
</message>
        <stack-trace></stack-trace>
      </failure>
      <attachments/>
      <labels>
        <label name="issue" value="1"/>
        <label name="issue" value="5.7.0.04第五轮"/>
        <label name="thread" value="-1451228736"/>
      </labels>
      <steps/>
    </test-case>
    <test-case severity="normal" start="1548036330875" status="failed" stop="1548036330879">
      <description>空白缓存页返回pvs1-字段值</description>
      <name>空白缓存页返回pvs1-字段值</name>
      <failure>
        <message>Parent suite setup failed:
WebDriverException: Message: An unknown server-side error occurred while processing the command. Original error: Unable to launch WebDriverAgent because of xcodebuild failure: "xcodebuild failed with code 65". Make sure you follow the tutorial at https://github.com/appium/appium-xcuitest-driver/blob/master/docs/real-device-config.md. Try to remove the WebDriverAgentRunner application from the device if it is installed and reboot the device.
</message>
        <stack-trace></stack-trace>
      </failure>
      <attachments/>
      <labels>
        <label name="issue" value="1"/>
        <label name="issue" value="5.7.0.04第五轮"/>
        <label name="thread" value="-1451228736"/>
      </labels>
      <steps/>
    </test-case>
    <test-case severity="normal" start="1548036330882" status="failed" stop="1548036330884">
      <description>点播页pvs1-条数</description>
      <name>点播页pvs1-条数</name>
      <failure>
        <message>Parent suite setup failed:
WebDriverException: Message: An unknown server-side error occurred while processing the command. Original error: Unable to launch WebDriverAgent because of xcodebuild failure: "xcodebuild failed with code 65". Make sure you follow the tutorial at https://github.com/appium/appium-xcuitest-driver/blob/master/docs/real-device-config.md. Try to remove the WebDriverAgentRunner application from the device if it is installed and reboot the device.
</message>
        <stack-trace></stack-trace>
      </failure>
      <attachments/>
      <labels>
        <label name="issue" value="1"/>
        <label name="issue" value="5.7.0.04第五轮"/>
        <label name="thread" value="-1451228736"/>
      </labels>
      <steps/>
    </test-case>
    <test-case severity="normal" start="1548036330886" status="failed" stop="1548036330889">
      <description>点播页pvs1-字段</description>
      <name>点播页pvs1-字段</name>
      <failure>
        <message>Parent suite setup failed:
WebDriverException: Message: An unknown server-side error occurred while processing the command. Original error: Unable to launch WebDriverAgent because of xcodebuild failure: "xcodebuild failed with code 65". Make sure you follow the tutorial at https://github.com/appium/appium-xcuitest-driver/blob/master/docs/real-device-config.md. Try to remove the WebDriverAgentRunner application from the device if it is installed and reboot the device.
</message>
        <stack-trace></stack-trace>
      </failure>
      <attachments/>
      <labels>
        <label name="issue" value="1"/>
        <label name="issue" value="5.7.0.04第五轮"/>
        <label name="thread" value="-1451228736"/>
      </labels>
      <steps/>
    </test-case>
    <test-case severity="normal" start="1548036330891" status="failed" stop="1548036330896">
      <description>点播页pvs1-字段值</description>
      <name>点播页pvs1-字段值</name>
      <failure>
        <message>Parent suite setup failed:
WebDriverException: Message: An unknown server-side error occurred while processing the command. Original error: Unable to launch WebDriverAgent because of xcodebuild failure: "xcodebuild failed with code 65". Make sure you follow the tutorial at https://github.com/appium/appium-xcuitest-driver/blob/master/docs/real-device-config.md. Try to remove the WebDriverAgentRunner application from the device if it is installed and reboot the device.
</message>
        <stack-trace></stack-trace>
      </failure>
      <attachments/>
      <labels>
        <label name="issue" value="1"/>
        <label name="issue" value="5.7.0.04第五轮"/>
        <label name="thread" value="-1451228736"/>
      </labels>
      <steps/>
    </test-case>
    <test-case severity="normal" start="1548036330899" status="failed" stop="1548036330902">
      <description>可播比cp1-条数</description>
      <name>可播比cp1-条数</name>
      <failure>
        <message>Parent suite setup failed:
WebDriverException: Message: An unknown server-side error occurred while processing the command. Original error: Unable to launch WebDriverAgent because of xcodebuild failure: "xcodebuild failed with code 65". Make sure you follow the tutorial at https://github.com/appium/appium-xcuitest-driver/blob/master/docs/real-device-config.md. Try to remove the WebDriverAgentRunner application from the device if it is installed and reboot the device.
</message>
        <stack-trace></stack-trace>
      </failure>
      <attachments/>
      <labels>
        <label name="issue" value="1"/>
        <label name="issue" value="5.7.0.04第五轮"/>
        <label name="thread" value="-1451228736"/>
      </labels>
      <steps/>
    </test-case>
    <test-case severity="normal" start="1548036330904" status="failed" stop="1548036330907">
      <description>可播比cp1-字段</description>
      <name>可播比cp1-字段</name>
      <failure>
        <message>Parent suite setup failed:
WebDriverException: Message: An unknown server-side error occurred while processing the command. Original error: Unable to launch WebDriverAgent because of xcodebuild failure: "xcodebuild failed with code 65". Make sure you follow the tutorial at https://github.com/appium/appium-xcuitest-driver/blob/master/docs/real-device-config.md. Try to remove the WebDriverAgentRunner application from the device if it is installed and reboot the device.
</message>
        <stack-trace></stack-trace>
      </failure>
      <attachments/>
      <labels>
        <label name="issue" value="1"/>
        <label name="issue" value="5.7.0.04第五轮"/>
        <label name="thread" value="-1451228736"/>
      </labels>
      <steps/>
    </test-case>
    <test-case severity="normal" start="1548036330909" status="failed" stop="1548036330912">
      <description>可播比cp1-字段值</description>
      <name>可播比cp1-字段值</name>
      <failure>
        <message>Parent suite setup failed:
WebDriverException: Message: An unknown server-side error occurred while processing the command. Original error: Unable to launch WebDriverAgent because of xcodebuild failure: "xcodebuild failed with code 65". Make sure you follow the tutorial at https://github.com/appium/appium-xcuitest-driver/blob/master/docs/real-device-config.md. Try to remove the WebDriverAgentRunner application from the device if it is installed and reboot the device.
</message>
        <stack-trace></stack-trace>
      </failure>
      <attachments/>
      <labels>
        <label name="issue" value="1"/>
        <label name="issue" value="5.7.0.04第五轮"/>
        <label name="thread" value="-1451228736"/>
      </labels>
      <steps/>
    </test-case>
    <test-case severity="normal" start="1548036330914" status="failed" stop="1548036330916">
      <description>点播前贴广告开始as-条数</description>
      <name>点播前贴广告开始as-条数</name>
      <failure>
        <message>Parent suite setup failed:
WebDriverException: Message: An unknown server-side error occurred while processing the command. Original error: Unable to launch WebDriverAgent because of xcodebuild failure: "xcodebuild failed with code 65". Make sure you follow the tutorial at https://github.com/appium/appium-xcuitest-driver/blob/master/docs/real-device-config.md. Try to remove the WebDriverAgentRunner application from the device if it is installed and reboot the device.
</message>
        <stack-trace></stack-trace>
      </failure>
      <attachments/>
      <labels>
        <label name="issue" value="1"/>
        <label name="issue" value="5.7.0.04第五轮"/>
        <label name="thread" value="-1451228736"/>
      </labels>
      <steps/>
    </test-case>
    <test-case severity="normal" start="1548036330920" status="failed" stop="1548036330924">
      <description>点播前贴广告开始as-字段</description>
      <name>点播前贴广告开始as-字段</name>
      <failure>
        <message>Parent suite setup failed:
WebDriverException: Message: An unknown server-side error occurred while processing the command. Original error: Unable to launch WebDriverAgent because of xcodebuild failure: "xcodebuild failed with code 65". Make sure you follow the tutorial at https://github.com/appium/appium-xcuitest-driver/blob/master/docs/real-device-config.md. Try to remove the WebDriverAgentRunner application from the device if it is installed and reboot the device.
</message>
        <stack-trace></stack-trace>
      </failure>
      <attachments/>
      <labels>
        <label name="issue" value="1"/>
        <label name="issue" value="5.7.0.04第五轮"/>
        <label name="thread" value="-1451228736"/>
      </labels>
      <steps/>
    </test-case>
    <test-case severity="normal" start="1548036330927" status="failed" stop="1548036330934">
      <description>点播前贴广告开始as-字段值</description>
      <name>点播前贴广告开始as-字段值</name>
      <failure>
        <message>Parent suite setup failed:
WebDriverException: Message: An unknown server-side error occurred while processing the command. Original error: Unable to launch WebDriverAgent because of xcodebuild failure: "xcodebuild failed with code 65". Make sure you follow the tutorial at https://github.com/appium/appium-xcuitest-driver/blob/master/docs/real-device-config.md. Try to remove the WebDriverAgentRunner application from the device if it is installed and reboot the device.
</message>
        <stack-trace></stack-trace>
      </failure>
      <attachments/>
      <labels>
        <label name="issue" value="1"/>
        <label name="issue" value="5.7.0.04第五轮"/>
        <label name="thread" value="-1451228736"/>
      </labels>
      <steps/>
    </test-case>
    <test-case severity="normal" start="1548036330937" status="failed" stop="1548036330940">
      <description>aplay-条数</description>
      <name>aplay-条数</name>
      <failure>
        <message>Parent suite setup failed:
WebDriverException: Message: An unknown server-side error occurred while processing the command. Original error: Unable to launch WebDriverAgent because of xcodebuild failure: "xcodebuild failed with code 65". Make sure you follow the tutorial at https://github.com/appium/appium-xcuitest-driver/blob/master/docs/real-device-config.md. Try to remove the WebDriverAgentRunner application from the device if it is installed and reboot the device.
</message>
        <stack-trace></stack-trace>
      </failure>
      <attachments/>
      <labels>
        <label name="issue" value="1"/>
        <label name="issue" value="5.7.0.04第五轮"/>
        <label name="thread" value="-1451228736"/>
      </labels>
      <steps/>
    </test-case>
    <test-case severity="normal" start="1548036330943" status="failed" stop="1548036330947">
      <description>aplay-字段</description>
      <name>aplay-字段</name>
      <failure>
        <message>Parent suite setup failed:
WebDriverException: Message: An unknown server-side error occurred while processing the command. Original error: Unable to launch WebDriverAgent because of xcodebuild failure: "xcodebuild failed with code 65". Make sure you follow the tutorial at https://github.com/appium/appium-xcuitest-driver/blob/master/docs/real-device-config.md. Try to remove the WebDriverAgentRunner application from the device if it is installed and reboot the device.
</message>
        <stack-trace></stack-trace>
      </failure>
      <attachments/>
      <labels>
        <label name="issue" value="1"/>
        <label name="issue" value="5.7.0.04第五轮"/>
        <label name="thread" value="-1451228736"/>
      </labels>
      <steps/>
    </test-case>
    <test-case severity="normal" start="1548036330949" status="failed" stop="1548036330952">
      <description>aplay-字段值</description>
      <name>aplay-字段值</name>
      <failure>
        <message>Parent suite setup failed:
WebDriverException: Message: An unknown server-side error occurred while processing the command. Original error: Unable to launch WebDriverAgent because of xcodebuild failure: "xcodebuild failed with code 65". Make sure you follow the tutorial at https://github.com/appium/appium-xcuitest-driver/blob/master/docs/real-device-config.md. Try to remove the WebDriverAgentRunner application from the device if it is installed and reboot the device.
</message>
        <stack-trace></stack-trace>
      </failure>
      <attachments/>
      <labels>
        <label name="issue" value="1"/>
        <label name="issue" value="5.7.0.04第五轮"/>
        <label name="thread" value="-1451228736"/>
      </labels>
      <steps/>
    </test-case>
    <test-case severity="normal" start="1548036330954" status="failed" stop="1548036330958">
      <description>点播前贴广告结束ae-条数</description>
      <name>点播前贴广告结束ae-条数</name>
      <failure>
        <message>Parent suite setup failed:
WebDriverException: Message: An unknown server-side error occurred while processing the command. Original error: Unable to launch WebDriverAgent because of xcodebuild failure: "xcodebuild failed with code 65". Make sure you follow the tutorial at https://github.com/appium/appium-xcuitest-driver/blob/master/docs/real-device-config.md. Try to remove the WebDriverAgentRunner application from the device if it is installed and reboot the device.
</message>
        <stack-trace></stack-trace>
      </failure>
      <attachments/>
      <labels>
        <label name="issue" value="1"/>
        <label name="issue" value="5.7.0.04第五轮"/>
        <label name="thread" value="-1451228736"/>
      </labels>
      <steps/>
    </test-case>
    <test-case severity="normal" start="1548036330961" status="failed" stop="1548036330965">
      <description>点播前贴广告开始ae-字段</description>
      <name>点播前贴广告开始ae-字段</name>
      <failure>
        <message>Parent suite setup failed:
WebDriverException: Message: An unknown server-side error occurred while processing the command. Original error: Unable to launch WebDriverAgent because of xcodebuild failure: "xcodebuild failed with code 65". Make sure you follow the tutorial at https://github.com/appium/appium-xcuitest-driver/blob/master/docs/real-device-config.md. Try to remove the WebDriverAgentRunner application from the device if it is installed and reboot the device.
</message>
        <stack-trace></stack-trace>
      </failure>
      <attachments/>
      <labels>
        <label name="issue" value="1"/>
        <label name="issue" value="5.7.0.04第五轮"/>
        <label name="thread" value="-1451228736"/>
      </labels>
      <steps/>
    </test-case>
    <test-case severity="normal" start="1548036330970" status="failed" stop="1548036330973">
      <description>点播前贴广告开始ae-字段值</description>
      <name>点播前贴广告开始ae-字段值</name>
      <failure>
        <message>Parent suite setup failed:
WebDriverException: Message: An unknown server-side error occurred while processing the command. Original error: Unable to launch WebDriverAgent because of xcodebuild failure: "xcodebuild failed with code 65". Make sure you follow the tutorial at https://github.com/appium/appium-xcuitest-driver/blob/master/docs/real-device-config.md. Try to remove the WebDriverAgentRunner application from the device if it is installed and reboot the device.
</message>
        <stack-trace></stack-trace>
      </failure>
      <attachments/>
      <labels>
        <label name="issue" value="1"/>
        <label name="issue" value="5.7.0.04第五轮"/>
        <label name="thread" value="-1451228736"/>
      </labels>
      <steps/>
    </test-case>
    <test-case severity="normal" start="1548036330976" status="failed" stop="1548036330979">
      <description>广告播放中上报type0-条数</description>
      <name>广告播放中上报type0-条数</name>
      <failure>
        <message>Parent suite setup failed:
WebDriverException: Message: An unknown server-side error occurred while processing the command. Original error: Unable to launch WebDriverAgent because of xcodebuild failure: "xcodebuild failed with code 65". Make sure you follow the tutorial at https://github.com/appium/appium-xcuitest-driver/blob/master/docs/real-device-config.md. Try to remove the WebDriverAgentRunner application from the device if it is installed and reboot the device.
</message>
        <stack-trace></stack-trace>
      </failure>
      <attachments/>
      <labels>
        <label name="issue" value="1"/>
        <label name="issue" value="5.7.0.04第五轮"/>
        <label name="thread" value="-1451228736"/>
      </labels>
      <steps/>
    </test-case>
    <test-case severity="normal" start="1548036330983" status="failed" stop="1548036330986">
      <description>广告播放中上报type0-字段</description>
      <name>广告播放中上报type0-字段</name>
      <failure>
        <message>Parent suite setup failed:
WebDriverException: Message: An unknown server-side error occurred while processing the command. Original error: Unable to launch WebDriverAgent because of xcodebuild failure: "xcodebuild failed with code 65". Make sure you follow the tutorial at https://github.com/appium/appium-xcuitest-driver/blob/master/docs/real-device-config.md. Try to remove the WebDriverAgentRunner application from the device if it is installed and reboot the device.
</message>
        <stack-trace></stack-trace>
      </failure>
      <attachments/>
      <labels>
        <label name="issue" value="1"/>
        <label name="issue" value="5.7.0.04第五轮"/>
        <label name="thread" value="-1451228736"/>
      </labels>
      <steps/>
    </test-case>
    <test-case severity="normal" start="1548036330989" status="failed" stop="1548036330992">
      <description>广告播放中上报type0-字段值</description>
      <name>广告播放中上报type0-字段值</name>
      <failure>
        <message>Parent suite setup failed:
WebDriverException: Message: An unknown server-side error occurred while processing the command. Original error: Unable to launch WebDriverAgent because of xcodebuild failure: "xcodebuild failed with code 65". Make sure you follow the tutorial at https://github.com/appium/appium-xcuitest-driver/blob/master/docs/real-device-config.md. Try to remove the WebDriverAgentRunner application from the device if it is installed and reboot the device.
</message>
        <stack-trace></stack-trace>
      </failure>
      <attachments/>
      <labels>
        <label name="issue" value="1"/>
        <label name="issue" value="5.7.0.04第五轮"/>
        <label name="thread" value="-1451228736"/>
      </labels>
      <steps/>
    </test-case>
    <test-case severity="normal" start="1548036330996" status="failed" stop="1548036331000">
      <description>广告播放中上报type1-条数</description>
      <name>广告播放中上报type1-条数</name>
      <failure>
        <message>Parent suite setup failed:
WebDriverException: Message: An unknown server-side error occurred while processing the command. Original error: Unable to launch WebDriverAgent because of xcodebuild failure: "xcodebuild failed with code 65". Make sure you follow the tutorial at https://github.com/appium/appium-xcuitest-driver/blob/master/docs/real-device-config.md. Try to remove the WebDriverAgentRunner application from the device if it is installed and reboot the device.
</message>
        <stack-trace></stack-trace>
      </failure>
      <attachments/>
      <labels>
        <label name="issue" value="1"/>
        <label name="issue" value="5.7.0.04第五轮"/>
        <label name="thread" value="-1451228736"/>
      </labels>
      <steps/>
    </test-case>
    <test-case severity="normal" start="1548036331002" status="failed" stop="1548036331004">
      <description>广告播放中上报type1-字段</description>
      <name>广告播放中上报type1-字段</name>
      <failure>
        <message>Parent suite setup failed:
WebDriverException: Message: An unknown server-side error occurred while processing the command. Original error: Unable to launch WebDriverAgent because of xcodebuild failure: "xcodebuild failed with code 65". Make sure you follow the tutorial at https://github.com/appium/appium-xcuitest-driver/blob/master/docs/real-device-config.md. Try to remove the WebDriverAgentRunner application from the device if it is installed and reboot the device.
</message>
        <stack-trace></stack-trace>
      </failure>
      <attachments/>
      <labels>
        <label name="issue" value="1"/>
        <label name="issue" value="5.7.0.04第五轮"/>
        <label name="thread" value="-1451228736"/>
      </labels>
      <steps/>
    </test-case>
    <test-case severity="normal" start="1548036331007" status="failed" stop="1548036331009">
      <description>广告播放中上报type1-字段值</description>
      <name>广告播放中上报type1-字段值</name>
      <failure>
        <message>Parent suite setup failed:
WebDriverException: Message: An unknown server-side error occurred while processing the command. Original error: Unable to launch WebDriverAgent because of xcodebuild failure: "xcodebuild failed with code 65". Make sure you follow the tutorial at https://github.com/appium/appium-xcuitest-driver/blob/master/docs/real-device-config.md. Try to remove the WebDriverAgentRunner application from the device if it is installed and reboot the device.
</message>
        <stack-trace></stack-trace>
      </failure>
      <attachments/>
      <labels>
        <label name="issue" value="1"/>
        <label name="issue" value="5.7.0.04第五轮"/>
        <label name="thread" value="-1451228736"/>
      </labels>
      <steps/>
    </test-case>
    <test-case severity="normal" start="1548036331012" status="failed" stop="1548036331015">
      <description>广告播放中上报type3-条数</description>
      <name>广告播放中上报type3-条数</name>
      <failure>
        <message>Parent suite setup failed:
WebDriverException: Message: An unknown server-side error occurred while processing the command. Original error: Unable to launch WebDriverAgent because of xcodebuild failure: "xcodebuild failed with code 65". Make sure you follow the tutorial at https://github.com/appium/appium-xcuitest-driver/blob/master/docs/real-device-config.md. Try to remove the WebDriverAgentRunner application from the device if it is installed and reboot the device.
</message>
        <stack-trace></stack-trace>
      </failure>
      <attachments/>
      <labels>
        <label name="issue" value="1"/>
        <label name="issue" value="5.7.0.04第五轮"/>
        <label name="thread" value="-1451228736"/>
      </labels>
      <steps/>
    </test-case>
    <test-case severity="normal" start="1548036331017" status="failed" stop="1548036331019">
      <description>广告播放中上报type3-字段</description>
      <name>广告播放中上报type3-字段</name>
      <failure>
        <message>Parent suite setup failed:
WebDriverException: Message: An unknown server-side error occurred while processing the command. Original error: Unable to launch WebDriverAgent because of xcodebuild failure: "xcodebuild failed with code 65". Make sure you follow the tutorial at https://github.com/appium/appium-xcuitest-driver/blob/master/docs/real-device-config.md. Try to remove the WebDriverAgentRunner application from the device if it is installed and reboot the device.
</message>
        <stack-trace></stack-trace>
      </failure>
      <attachments/>
      <labels>
        <label name="issue" value="1"/>
        <label name="issue" value="5.7.0.04第五轮"/>
        <label name="thread" value="-1451228736"/>
      </labels>
      <steps/>
    </test-case>
    <test-case severity="normal" start="1548036331022" status="failed" stop="1548036331027">
      <description>广告播放中上报type3-字段值</description>
      <name>广告播放中上报type3-字段值</name>
      <failure>
        <message>Parent suite setup failed:
WebDriverException: Message: An unknown server-side error occurred while processing the command. Original error: Unable to launch WebDriverAgent because of xcodebuild failure: "xcodebuild failed with code 65". Make sure you follow the tutorial at https://github.com/appium/appium-xcuitest-driver/blob/master/docs/real-device-config.md. Try to remove the WebDriverAgentRunner application from the device if it is installed and reboot the device.
</message>
        <stack-trace></stack-trace>
      </failure>
      <attachments/>
      <labels>
        <label name="issue" value="1"/>
        <label name="issue" value="5.7.0.04第五轮"/>
        <label name="thread" value="-1451228736"/>
      </labels>
      <steps/>
    </test-case>
    <test-case severity="normal" start="1548036331032" status="failed" stop="1548036331038">
      <description>广告播放中上报type4-条数</description>
      <name>广告播放中上报type4-条数</name>
      <failure>
        <message>Parent suite setup failed:
WebDriverException: Message: An unknown server-side error occurred while processing the command. Original error: Unable to launch WebDriverAgent because of xcodebuild failure: "xcodebuild failed with code 65". Make sure you follow the tutorial at https://github.com/appium/appium-xcuitest-driver/blob/master/docs/real-device-config.md. Try to remove the WebDriverAgentRunner application from the device if it is installed and reboot the device.
</message>
        <stack-trace></stack-trace>
      </failure>
      <attachments/>
      <labels>
        <label name="issue" value="1"/>
        <label name="issue" value="5.7.0.04第五轮"/>
        <label name="thread" value="-1451228736"/>
      </labels>
      <steps/>
    </test-case>
    <test-case severity="normal" start="1548036331041" status="failed" stop="1548036331045">
      <description>广告播放中上报type4-字段</description>
      <name>广告播放中上报type4-字段</name>
      <failure>
        <message>Parent suite setup failed:
WebDriverException: Message: An unknown server-side error occurred while processing the command. Original error: Unable to launch WebDriverAgent because of xcodebuild failure: "xcodebuild failed with code 65". Make sure you follow the tutorial at https://github.com/appium/appium-xcuitest-driver/blob/master/docs/real-device-config.md. Try to remove the WebDriverAgentRunner application from the device if it is installed and reboot the device.
</message>
        <stack-trace></stack-trace>
      </failure>
      <attachments/>
      <labels>
        <label name="issue" value="1"/>
        <label name="issue" value="5.7.0.04第五轮"/>
        <label name="thread" value="-1451228736"/>
      </labels>
      <steps/>
    </test-case>
    <test-case severity="normal" start="1548036331049" status="failed" stop="1548036331053">
      <description>广告播放中上报type4-字段值</description>
      <name>广告播放中上报type4-字段值</name>
      <failure>
        <message>Parent suite setup failed:
WebDriverException: Message: An unknown server-side error occurred while processing the command. Original error: Unable to launch WebDriverAgent because of xcodebuild failure: "xcodebuild failed with code 65". Make sure you follow the tutorial at https://github.com/appium/appium-xcuitest-driver/blob/master/docs/real-device-config.md. Try to remove the WebDriverAgentRunner application from the device if it is installed and reboot the device.
</message>
        <stack-trace></stack-trace>
      </failure>
      <attachments/>
      <labels>
        <label name="issue" value="1"/>
        <label name="issue" value="5.7.0.04第五轮"/>
        <label name="thread" value="-1451228736"/>
      </labels>
      <steps/>
    </test-case>
    <test-case severity="normal" start="1548036331056" status="failed" stop="1548036331059">
      <description>广告播放中上报type6-条数</description>
      <name>广告播放中上报type6-条数</name>
      <failure>
        <message>Parent suite setup failed:
WebDriverException: Message: An unknown server-side error occurred while processing the command. Original error: Unable to launch WebDriverAgent because of xcodebuild failure: "xcodebuild failed with code 65". Make sure you follow the tutorial at https://github.com/appium/appium-xcuitest-driver/blob/master/docs/real-device-config.md. Try to remove the WebDriverAgentRunner application from the device if it is installed and reboot the device.
</message>
        <stack-trace></stack-trace>
      </failure>
      <attachments/>
      <labels>
        <label name="issue" value="1"/>
        <label name="issue" value="5.7.0.04第五轮"/>
        <label name="thread" value="-1451228736"/>
      </labels>
      <steps/>
    </test-case>
    <test-case severity="normal" start="1548036331062" status="failed" stop="1548036331065">
      <description>广告播放中上报type6-字段</description>
      <name>广告播放中上报type6-字段</name>
      <failure>
        <message>Parent suite setup failed:
WebDriverException: Message: An unknown server-side error occurred while processing the command. Original error: Unable to launch WebDriverAgent because of xcodebuild failure: "xcodebuild failed with code 65". Make sure you follow the tutorial at https://github.com/appium/appium-xcuitest-driver/blob/master/docs/real-device-config.md. Try to remove the WebDriverAgentRunner application from the device if it is installed and reboot the device.
</message>
        <stack-trace></stack-trace>
      </failure>
      <attachments/>
      <labels>
        <label name="issue" value="1"/>
        <label name="issue" value="5.7.0.04第五轮"/>
        <label name="thread" value="-1451228736"/>
      </labels>
      <steps/>
    </test-case>
    <test-case severity="normal" start="1548036331068" status="failed" stop="1548036331071">
      <description>广告播放中上报type6-字段值</description>
      <name>广告播放中上报type6-字段值</name>
      <failure>
        <message>Parent suite setup failed:
WebDriverException: Message: An unknown server-side error occurred while processing the command. Original error: Unable to launch WebDriverAgent because of xcodebuild failure: "xcodebuild failed with code 65". Make sure you follow the tutorial at https://github.com/appium/appium-xcuitest-driver/blob/master/docs/real-device-config.md. Try to remove the WebDriverAgentRunner application from the device if it is installed and reboot the device.
</message>
        <stack-trace></stack-trace>
      </failure>
      <attachments/>
      <labels>
        <label name="issue" value="1"/>
        <label name="issue" value="5.7.0.04第五轮"/>
        <label name="thread" value="-1451228736"/>
      </labels>
      <steps/>
    </test-case>
    <test-case severity="normal" start="1548036331074" status="failed" stop="1548036331076">
      <description>点播开始事件pv-条数</description>
      <name>点播开始事件pv-条数</name>
      <failure>
        <message>Parent suite setup failed:
WebDriverException: Message: An unknown server-side error occurred while processing the command. Original error: Unable to launch WebDriverAgent because of xcodebuild failure: "xcodebuild failed with code 65". Make sure you follow the tutorial at https://github.com/appium/appium-xcuitest-driver/blob/master/docs/real-device-config.md. Try to remove the WebDriverAgentRunner application from the device if it is installed and reboot the device.
</message>
        <stack-trace></stack-trace>
      </failure>
      <attachments/>
      <labels>
        <label name="issue" value="1"/>
        <label name="issue" value="5.7.0.04第五轮"/>
        <label name="thread" value="-1451228736"/>
      </labels>
      <steps/>
    </test-case>
    <test-case severity="normal" start="1548036331078" status="failed" stop="1548036331082">
      <description>点播开始事件pv-字段</description>
      <name>点播开始事件pv-字段</name>
      <failure>
        <message>Parent suite setup failed:
WebDriverException: Message: An unknown server-side error occurred while processing the command. Original error: Unable to launch WebDriverAgent because of xcodebuild failure: "xcodebuild failed with code 65". Make sure you follow the tutorial at https://github.com/appium/appium-xcuitest-driver/blob/master/docs/real-device-config.md. Try to remove the WebDriverAgentRunner application from the device if it is installed and reboot the device.
</message>
        <stack-trace></stack-trace>
      </failure>
      <attachments/>
      <labels>
        <label name="issue" value="1"/>
        <label name="issue" value="5.7.0.04第五轮"/>
        <label name="thread" value="-1451228736"/>
      </labels>
      <steps/>
    </test-case>
    <test-case severity="normal" start="1548036331086" status="failed" stop="1548036331089">
      <description>点播开始事件pv-字段值</description>
      <name>点播开始事件pv-字段值</name>
      <failure>
        <message>Parent suite setup failed:
WebDriverException: Message: An unknown server-side error occurred while processing the command. Original error: Unable to launch WebDriverAgent because of xcodebuild failure: "xcodebuild failed with code 65". Make sure you follow the tutorial at https://github.com/appium/appium-xcuitest-driver/blob/master/docs/real-device-config.md. Try to remove the WebDriverAgentRunner application from the device if it is installed and reboot the device.
</message>
        <stack-trace></stack-trace>
      </failure>
      <attachments/>
      <labels>
        <label name="issue" value="1"/>
        <label name="issue" value="5.7.0.04第五轮"/>
        <label name="thread" value="-1451228736"/>
      </labels>
      <steps/>
    </test-case>
    <test-case severity="normal" start="1548036331091" status="failed" stop="1548036331095">
      <description>点播vv-条数</description>
      <name>点播vv-条数</name>
      <failure>
        <message>Parent suite setup failed:
WebDriverException: Message: An unknown server-side error occurred while processing the command. Original error: Unable to launch WebDriverAgent because of xcodebuild failure: "xcodebuild failed with code 65". Make sure you follow the tutorial at https://github.com/appium/appium-xcuitest-driver/blob/master/docs/real-device-config.md. Try to remove the WebDriverAgentRunner application from the device if it is installed and reboot the device.
</message>
        <stack-trace></stack-trace>
      </failure>
      <attachments/>
      <labels>
        <label name="issue" value="1"/>
        <label name="issue" value="5.7.0.04第五轮"/>
        <label name="thread" value="-1451228736"/>
      </labels>
      <steps/>
    </test-case>
    <test-case severity="normal" start="1548036331099" status="failed" stop="1548036331101">
      <description>点播vv-字段</description>
      <name>点播vv-字段</name>
      <failure>
        <message>Parent suite setup failed:
WebDriverException: Message: An unknown server-side error occurred while processing the command. Original error: Unable to launch WebDriverAgent because of xcodebuild failure: "xcodebuild failed with code 65". Make sure you follow the tutorial at https://github.com/appium/appium-xcuitest-driver/blob/master/docs/real-device-config.md. Try to remove the WebDriverAgentRunner application from the device if it is installed and reboot the device.
</message>
        <stack-trace></stack-trace>
      </failure>
      <attachments/>
      <labels>
        <label name="issue" value="1"/>
        <label name="issue" value="5.7.0.04第五轮"/>
        <label name="thread" value="-1451228736"/>
      </labels>
      <steps/>
    </test-case>
    <test-case severity="normal" start="1548036331103" status="failed" stop="1548036331106">
      <description>点播vv-字段值</description>
      <name>点播vv-字段值</name>
      <failure>
        <message>Parent suite setup failed:
WebDriverException: Message: An unknown server-side error occurred while processing the command. Original error: Unable to launch WebDriverAgent because of xcodebuild failure: "xcodebuild failed with code 65". Make sure you follow the tutorial at https://github.com/appium/appium-xcuitest-driver/blob/master/docs/real-device-config.md. Try to remove the WebDriverAgentRunner application from the device if it is installed and reboot the device.
</message>
        <stack-trace></stack-trace>
      </failure>
      <attachments/>
      <labels>
        <label name="issue" value="1"/>
        <label name="issue" value="5.7.0.04第五轮"/>
        <label name="thread" value="-1451228736"/>
      </labels>
      <steps/>
    </test-case>
    <test-case severity="normal" start="1548036331108" status="failed" stop="1548036331111">
      <description>sdkload-条数</description>
      <name>sdkload-条数</name>
      <failure>
        <message>Parent suite setup failed:
WebDriverException: Message: An unknown server-side error occurred while processing the command. Original error: Unable to launch WebDriverAgent because of xcodebuild failure: "xcodebuild failed with code 65". Make sure you follow the tutorial at https://github.com/appium/appium-xcuitest-driver/blob/master/docs/real-device-config.md. Try to remove the WebDriverAgentRunner application from the device if it is installed and reboot the device.
</message>
        <stack-trace></stack-trace>
      </failure>
      <attachments/>
      <labels>
        <label name="issue" value="1"/>
        <label name="issue" value="5.7.0.04第五轮"/>
        <label name="thread" value="-1451228736"/>
      </labels>
      <steps/>
    </test-case>
    <test-case severity="normal" start="1548036331113" status="failed" stop="1548036331116">
      <description>sdkload-字段</description>
      <name>sdkload-字段</name>
      <failure>
        <message>Parent suite setup failed:
WebDriverException: Message: An unknown server-side error occurred while processing the command. Original error: Unable to launch WebDriverAgent because of xcodebuild failure: "xcodebuild failed with code 65". Make sure you follow the tutorial at https://github.com/appium/appium-xcuitest-driver/blob/master/docs/real-device-config.md. Try to remove the WebDriverAgentRunner application from the device if it is installed and reboot the device.
</message>
        <stack-trace></stack-trace>
      </failure>
      <attachments/>
      <labels>
        <label name="issue" value="1"/>
        <label name="issue" value="5.7.0.04第五轮"/>
        <label name="thread" value="-1451228736"/>
      </labels>
      <steps/>
    </test-case>
    <test-case severity="normal" start="1548036331119" status="failed" stop="1548036331123">
      <description>sdkload-字段值</description>
      <name>sdkload-字段值</name>
      <failure>
        <message>Parent suite setup failed:
WebDriverException: Message: An unknown server-side error occurred while processing the command. Original error: Unable to launch WebDriverAgent because of xcodebuild failure: "xcodebuild failed with code 65". Make sure you follow the tutorial at https://github.com/appium/appium-xcuitest-driver/blob/master/docs/real-device-config.md. Try to remove the WebDriverAgentRunner application from the device if it is installed and reboot the device.
</message>
        <stack-trace></stack-trace>
      </failure>
      <attachments/>
      <labels>
        <label name="issue" value="1"/>
        <label name="issue" value="5.7.0.04第五轮"/>
        <label name="thread" value="-1451228736"/>
      </labels>
      <steps/>
    </test-case>
    <test-case severity="normal" start="1548036331124" status="failed" stop="1548036331128">
      <description>buffer-条数</description>
      <name>buffer-条数</name>
      <failure>
        <message>Parent suite setup failed:
WebDriverException: Message: An unknown server-side error occurred while processing the command. Original error: Unable to launch WebDriverAgent because of xcodebuild failure: "xcodebuild failed with code 65". Make sure you follow the tutorial at https://github.com/appium/appium-xcuitest-driver/blob/master/docs/real-device-config.md. Try to remove the WebDriverAgentRunner application from the device if it is installed and reboot the device.
</message>
        <stack-trace></stack-trace>
      </failure>
      <attachments/>
      <labels>
        <label name="issue" value="1"/>
        <label name="issue" value="5.7.0.04第五轮"/>
        <label name="thread" value="-1451228736"/>
      </labels>
      <steps/>
    </test-case>
    <test-case severity="normal" start="1548036331130" status="failed" stop="1548036331134">
      <description>buffer-字段</description>
      <name>buffer-字段</name>
      <failure>
        <message>Parent suite setup failed:
WebDriverException: Message: An unknown server-side error occurred while processing the command. Original error: Unable to launch WebDriverAgent because of xcodebuild failure: "xcodebuild failed with code 65". Make sure you follow the tutorial at https://github.com/appium/appium-xcuitest-driver/blob/master/docs/real-device-config.md. Try to remove the WebDriverAgentRunner application from the device if it is installed and reboot the device.
</message>
        <stack-trace></stack-trace>
      </failure>
      <attachments/>
      <labels>
        <label name="issue" value="1"/>
        <label name="issue" value="5.7.0.04第五轮"/>
        <label name="thread" value="-1451228736"/>
      </labels>
      <steps/>
    </test-case>
    <test-case severity="normal" start="1548036331136" status="failed" stop="1548036331143">
      <description>buffer-字段值</description>
      <name>buffer-字段值</name>
      <failure>
        <message>Parent suite setup failed:
WebDriverException: Message: An unknown server-side error occurred while processing the command. Original error: Unable to launch WebDriverAgent because of xcodebuild failure: "xcodebuild failed with code 65". Make sure you follow the tutorial at https://github.com/appium/appium-xcuitest-driver/blob/master/docs/real-device-config.md. Try to remove the WebDriverAgentRunner application from the device if it is installed and reboot the device.
</message>
        <stack-trace></stack-trace>
      </failure>
      <attachments/>
      <labels>
        <label name="issue" value="1"/>
        <label name="issue" value="5.7.0.04第五轮"/>
        <label name="thread" value="-1451228736"/>
      </labels>
      <steps/>
    </test-case>
    <test-case severity="normal" start="1548036331146" status="failed" stop="1548036331149">
      <description>cdn1-条数</description>
      <name>cdn1-条数</name>
      <failure>
        <message>Parent suite setup failed:
WebDriverException: Message: An unknown server-side error occurred while processing the command. Original error: Unable to launch WebDriverAgent because of xcodebuild failure: "xcodebuild failed with code 65". Make sure you follow the tutorial at https://github.com/appium/appium-xcuitest-driver/blob/master/docs/real-device-config.md. Try to remove the WebDriverAgentRunner application from the device if it is installed and reboot the device.
</message>
        <stack-trace></stack-trace>
      </failure>
      <attachments/>
      <labels>
        <label name="issue" value="1"/>
        <label name="issue" value="5.7.0.04第五轮"/>
        <label name="thread" value="-1451228736"/>
      </labels>
      <steps/>
    </test-case>
    <test-case severity="normal" start="1548036331151" status="failed" stop="1548036331155">
      <description>cdn1-字段</description>
      <name>cdn1-字段</name>
      <failure>
        <message>Parent suite setup failed:
WebDriverException: Message: An unknown server-side error occurred while processing the command. Original error: Unable to launch WebDriverAgent because of xcodebuild failure: "xcodebuild failed with code 65". Make sure you follow the tutorial at https://github.com/appium/appium-xcuitest-driver/blob/master/docs/real-device-config.md. Try to remove the WebDriverAgentRunner application from the device if it is installed and reboot the device.
</message>
        <stack-trace></stack-trace>
      </failure>
      <attachments/>
      <labels>
        <label name="issue" value="1"/>
        <label name="issue" value="5.7.0.04第五轮"/>
        <label name="thread" value="-1451228736"/>
      </labels>
      <steps/>
    </test-case>
    <test-case severity="normal" start="1548036331157" status="failed" stop="1548036331160">
      <description>cdn1-字段值</description>
      <name>cdn1-字段值</name>
      <failure>
        <message>Parent suite setup failed:
WebDriverException: Message: An unknown server-side error occurred while processing the command. Original error: Unable to launch WebDriverAgent because of xcodebuild failure: "xcodebuild failed with code 65". Make sure you follow the tutorial at https://github.com/appium/appium-xcuitest-driver/blob/master/docs/real-device-config.md. Try to remove the WebDriverAgentRunner application from the device if it is installed and reboot the device.
</message>
        <stack-trace></stack-trace>
      </failure>
      <attachments/>
      <labels>
        <label name="issue" value="1"/>
        <label name="issue" value="5.7.0.04第五轮"/>
        <label name="thread" value="-1451228736"/>
      </labels>
      <steps/>
    </test-case>
    <test-case severity="normal" start="1548036331161" status="failed" stop="1548036331164">
      <description>cdn2-条数</description>
      <name>cdn2-条数</name>
      <failure>
        <message>Parent suite setup failed:
WebDriverException: Message: An unknown server-side error occurred while processing the command. Original error: Unable to launch WebDriverAgent because of xcodebuild failure: "xcodebuild failed with code 65". Make sure you follow the tutorial at https://github.com/appium/appium-xcuitest-driver/blob/master/docs/real-device-config.md. Try to remove the WebDriverAgentRunner application from the device if it is installed and reboot the device.
</message>
        <stack-trace></stack-trace>
      </failure>
      <attachments/>
      <labels>
        <label name="issue" value="1"/>
        <label name="issue" value="5.7.0.04第五轮"/>
        <label name="thread" value="-1451228736"/>
      </labels>
      <steps/>
    </test-case>
    <test-case severity="normal" start="1548036331166" status="failed" stop="1548036331169">
      <description>cdn2-字段</description>
      <name>cdn2-字段</name>
      <failure>
        <message>Parent suite setup failed:
WebDriverException: Message: An unknown server-side error occurred while processing the command. Original error: Unable to launch WebDriverAgent because of xcodebuild failure: "xcodebuild failed with code 65". Make sure you follow the tutorial at https://github.com/appium/appium-xcuitest-driver/blob/master/docs/real-device-config.md. Try to remove the WebDriverAgentRunner application from the device if it is installed and reboot the device.
</message>
        <stack-trace></stack-trace>
      </failure>
      <attachments/>
      <labels>
        <label name="issue" value="1"/>
        <label name="issue" value="5.7.0.04第五轮"/>
        <label name="thread" value="-1451228736"/>
      </labels>
      <steps/>
    </test-case>
    <test-case severity="normal" start="1548036331171" status="failed" stop="1548036331173">
      <description>cdn2-字段值</description>
      <name>cdn2-字段值</name>
      <failure>
        <message>Parent suite setup failed:
WebDriverException: Message: An unknown server-side error occurred while processing the command. Original error: Unable to launch WebDriverAgent because of xcodebuild failure: "xcodebuild failed with code 65". Make sure you follow the tutorial at https://github.com/appium/appium-xcuitest-driver/blob/master/docs/real-device-config.md. Try to remove the WebDriverAgentRunner application from the device if it is installed and reboot the device.
</message>
        <stack-trace></stack-trace>
      </failure>
      <attachments/>
      <labels>
        <label name="issue" value="1"/>
        <label name="issue" value="5.7.0.04第五轮"/>
        <label name="thread" value="-1451228736"/>
      </labels>
      <steps/>
    </test-case>
    <test-case severity="normal" start="1548036331175" status="failed" stop="1548036331177">
      <description>cdn3-条数</description>
      <name>cdn3-条数</name>
      <failure>
        <message>Parent suite setup failed:
WebDriverException: Message: An unknown server-side error occurred while processing the command. Original error: Unable to launch WebDriverAgent because of xcodebuild failure: "xcodebuild failed with code 65". Make sure you follow the tutorial at https://github.com/appium/appium-xcuitest-driver/blob/master/docs/real-device-config.md. Try to remove the WebDriverAgentRunner application from the device if it is installed and reboot the device.
</message>
        <stack-trace></stack-trace>
      </failure>
      <attachments/>
      <labels>
        <label name="issue" value="1"/>
        <label name="issue" value="5.7.0.04第五轮"/>
        <label name="thread" value="-1451228736"/>
      </labels>
      <steps/>
    </test-case>
    <test-case severity="normal" start="1548036331179" status="failed" stop="1548036331182">
      <description>cdn3-字段</description>
      <name>cdn3-字段</name>
      <failure>
        <message>Parent suite setup failed:
WebDriverException: Message: An unknown server-side error occurred while processing the command. Original error: Unable to launch WebDriverAgent because of xcodebuild failure: "xcodebuild failed with code 65". Make sure you follow the tutorial at https://github.com/appium/appium-xcuitest-driver/blob/master/docs/real-device-config.md. Try to remove the WebDriverAgentRunner application from the device if it is installed and reboot the device.
</message>
        <stack-trace></stack-trace>
      </failure>
      <attachments/>
      <labels>
        <label name="issue" value="1"/>
        <label name="issue" value="5.7.0.04第五轮"/>
        <label name="thread" value="-1451228736"/>
      </labels>
      <steps/>
    </test-case>
    <test-case severity="normal" start="1548036331184" status="failed" stop="1548036331187">
      <description>cdn3-字段值</description>
      <name>cdn3-字段值</name>
      <failure>
        <message>Parent suite setup failed:
WebDriverException: Message: An unknown server-side error occurred while processing the command. Original error: Unable to launch WebDriverAgent because of xcodebuild failure: "xcodebuild failed with code 65". Make sure you follow the tutorial at https://github.com/appium/appium-xcuitest-driver/blob/master/docs/real-device-config.md. Try to remove the WebDriverAgentRunner application from the device if it is installed and reboot the device.
</message>
        <stack-trace></stack-trace>
      </failure>
      <attachments/>
      <labels>
        <label name="issue" value="1"/>
        <label name="issue" value="5.7.0.04第五轮"/>
        <label name="thread" value="-1451228736"/>
      </labels>
      <steps/>
    </test-case>
    <test-case severity="normal" start="1548036331191" status="failed" stop="1548036331197">
      <description>点播播放定时上报cdn-r1-条数</description>
      <name>点播播放定时上报cdn-r1-条数</name>
      <failure>
        <message>Parent suite setup failed:
WebDriverException: Message: An unknown server-side error occurred while processing the command. Original error: Unable to launch WebDriverAgent because of xcodebuild failure: "xcodebuild failed with code 65". Make sure you follow the tutorial at https://github.com/appium/appium-xcuitest-driver/blob/master/docs/real-device-config.md. Try to remove the WebDriverAgentRunner application from the device if it is installed and reboot the device.
</message>
        <stack-trace></stack-trace>
      </failure>
      <attachments/>
      <labels>
        <label name="issue" value="1"/>
        <label name="issue" value="5.7.0.04第五轮"/>
        <label name="thread" value="-1451228736"/>
      </labels>
      <steps/>
    </test-case>
    <test-case severity="normal" start="1548036331200" status="failed" stop="1548036331204">
      <description>点播播放定时上报cdn-r1-字段</description>
      <name>点播播放定时上报cdn-r1-字段</name>
      <failure>
        <message>Parent suite setup failed:
WebDriverException: Message: An unknown server-side error occurred while processing the command. Original error: Unable to launch WebDriverAgent because of xcodebuild failure: "xcodebuild failed with code 65". Make sure you follow the tutorial at https://github.com/appium/appium-xcuitest-driver/blob/master/docs/real-device-config.md. Try to remove the WebDriverAgentRunner application from the device if it is installed and reboot the device.
</message>
        <stack-trace></stack-trace>
      </failure>
      <attachments/>
      <labels>
        <label name="issue" value="1"/>
        <label name="issue" value="5.7.0.04第五轮"/>
        <label name="thread" value="-1451228736"/>
      </labels>
      <steps/>
    </test-case>
    <test-case severity="normal" start="1548036331207" status="failed" stop="1548036331210">
      <description>点播播放定时上报cdn-r1-字段值</description>
      <name>点播播放定时上报cdn-r1-字段值</name>
      <failure>
        <message>Parent suite setup failed:
WebDriverException: Message: An unknown server-side error occurred while processing the command. Original error: Unable to launch WebDriverAgent because of xcodebuild failure: "xcodebuild failed with code 65". Make sure you follow the tutorial at https://github.com/appium/appium-xcuitest-driver/blob/master/docs/real-device-config.md. Try to remove the WebDriverAgentRunner application from the device if it is installed and reboot the device.
</message>
        <stack-trace></stack-trace>
      </failure>
      <attachments/>
      <labels>
        <label name="issue" value="1"/>
        <label name="issue" value="5.7.0.04第五轮"/>
        <label name="thread" value="-1451228736"/>
      </labels>
      <steps/>
    </test-case>
    <test-case severity="normal" start="1548036331213" status="failed" stop="1548036331216">
      <description>正片加载事件vl-条数</description>
      <name>正片加载事件vl-条数</name>
      <failure>
        <message>Parent suite setup failed:
WebDriverException: Message: An unknown server-side error occurred while processing the command. Original error: Unable to launch WebDriverAgent because of xcodebuild failure: "xcodebuild failed with code 65". Make sure you follow the tutorial at https://github.com/appium/appium-xcuitest-driver/blob/master/docs/real-device-config.md. Try to remove the WebDriverAgentRunner application from the device if it is installed and reboot the device.
</message>
        <stack-trace></stack-trace>
      </failure>
      <attachments/>
      <labels>
        <label name="issue" value="1"/>
        <label name="issue" value="5.7.0.04第五轮"/>
        <label name="thread" value="-1451228736"/>
      </labels>
      <steps/>
    </test-case>
    <test-case severity="normal" start="1548036331218" status="failed" stop="1548036331220">
      <description>正片加载事件vl-字段</description>
      <name>正片加载事件vl-字段</name>
      <failure>
        <message>Parent suite setup failed:
WebDriverException: Message: An unknown server-side error occurred while processing the command. Original error: Unable to launch WebDriverAgent because of xcodebuild failure: "xcodebuild failed with code 65". Make sure you follow the tutorial at https://github.com/appium/appium-xcuitest-driver/blob/master/docs/real-device-config.md. Try to remove the WebDriverAgentRunner application from the device if it is installed and reboot the device.
</message>
        <stack-trace></stack-trace>
      </failure>
      <attachments/>
      <labels>
        <label name="issue" value="1"/>
        <label name="issue" value="5.7.0.04第五轮"/>
        <label name="thread" value="-1451228736"/>
      </labels>
      <steps/>
    </test-case>
    <test-case severity="normal" start="1548036331222" status="failed" stop="1548036331225">
      <description>正片加载事件vl-字段值</description>
      <name>正片加载事件vl-字段值</name>
      <failure>
        <message>Parent suite setup failed:
WebDriverException: Message: An unknown server-side error occurred while processing the command. Original error: Unable to launch WebDriverAgent because of xcodebuild failure: "xcodebuild failed with code 65". Make sure you follow the tutorial at https://github.com/appium/appium-xcuitest-driver/blob/master/docs/real-device-config.md. Try to remove the WebDriverAgentRunner application from the device if it is installed and reboot the device.
</message>
        <stack-trace></stack-trace>
      </failure>
      <attachments/>
      <labels>
        <label name="issue" value="1"/>
        <label name="issue" value="5.7.0.04第五轮"/>
        <label name="thread" value="-1451228736"/>
      </labels>
      <steps/>
    </test-case>
    <test-case severity="normal" start="1548036331226" status="failed" stop="1548036331229">
      <description>花絮加载事件vl-条数</description>
      <name>花絮加载事件vl-条数</name>
      <failure>
        <message>Parent suite setup failed:
WebDriverException: Message: An unknown server-side error occurred while processing the command. Original error: Unable to launch WebDriverAgent because of xcodebuild failure: "xcodebuild failed with code 65". Make sure you follow the tutorial at https://github.com/appium/appium-xcuitest-driver/blob/master/docs/real-device-config.md. Try to remove the WebDriverAgentRunner application from the device if it is installed and reboot the device.
</message>
        <stack-trace></stack-trace>
      </failure>
      <attachments/>
      <labels>
        <label name="issue" value="1"/>
        <label name="issue" value="5.7.0.04第五轮"/>
        <label name="thread" value="-1451228736"/>
      </labels>
      <steps/>
    </test-case>
    <test-case severity="normal" start="1548036331230" status="failed" stop="1548036331232">
      <description>花絮加载事件vl-字段</description>
      <name>花絮加载事件vl-字段</name>
      <failure>
        <message>Parent suite setup failed:
WebDriverException: Message: An unknown server-side error occurred while processing the command. Original error: Unable to launch WebDriverAgent because of xcodebuild failure: "xcodebuild failed with code 65". Make sure you follow the tutorial at https://github.com/appium/appium-xcuitest-driver/blob/master/docs/real-device-config.md. Try to remove the WebDriverAgentRunner application from the device if it is installed and reboot the device.
</message>
        <stack-trace></stack-trace>
      </failure>
      <attachments/>
      <labels>
        <label name="issue" value="1"/>
        <label name="issue" value="5.7.0.04第五轮"/>
        <label name="thread" value="-1451228736"/>
      </labels>
      <steps/>
    </test-case>
    <test-case severity="normal" start="1548036331234" status="failed" stop="1548036331239">
      <description>花絮加载事件vl-字段值</description>
      <name>花絮加载事件vl-字段值</name>
      <failure>
        <message>Parent suite setup failed:
WebDriverException: Message: An unknown server-side error occurred while processing the command. Original error: Unable to launch WebDriverAgent because of xcodebuild failure: "xcodebuild failed with code 65". Make sure you follow the tutorial at https://github.com/appium/appium-xcuitest-driver/blob/master/docs/real-device-config.md. Try to remove the WebDriverAgentRunner application from the device if it is installed and reboot the device.
</message>
        <stack-trace></stack-trace>
      </failure>
      <attachments/>
      <labels>
        <label name="issue" value="1"/>
        <label name="issue" value="5.7.0.04第五轮"/>
        <label name="thread" value="-1451228736"/>
      </labels>
      <steps/>
    </test-case>
    <test-case severity="normal" start="1548036331243" status="failed" stop="1548036331248">
      <description>节目账号加载事件vl-条数</description>
      <name>节目账号加载事件vl-条数</name>
      <failure>
        <message>Parent suite setup failed:
WebDriverException: Message: An unknown server-side error occurred while processing the command. Original error: Unable to launch WebDriverAgent because of xcodebuild failure: "xcodebuild failed with code 65". Make sure you follow the tutorial at https://github.com/appium/appium-xcuitest-driver/blob/master/docs/real-device-config.md. Try to remove the WebDriverAgentRunner application from the device if it is installed and reboot the device.
</message>
        <stack-trace></stack-trace>
      </failure>
      <attachments/>
      <labels>
        <label name="issue" value="1"/>
        <label name="issue" value="5.7.0.04第五轮"/>
        <label name="thread" value="-1451228736"/>
      </labels>
      <steps/>
    </test-case>
    <test-case severity="normal" start="1548036331250" status="failed" stop="1548036331254">
      <description>节目账号加载事件vl-字段</description>
      <name>节目账号加载事件vl-字段</name>
      <failure>
        <message>Parent suite setup failed:
WebDriverException: Message: An unknown server-side error occurred while processing the command. Original error: Unable to launch WebDriverAgent because of xcodebuild failure: "xcodebuild failed with code 65". Make sure you follow the tutorial at https://github.com/appium/appium-xcuitest-driver/blob/master/docs/real-device-config.md. Try to remove the WebDriverAgentRunner application from the device if it is installed and reboot the device.
</message>
        <stack-trace></stack-trace>
      </failure>
      <attachments/>
      <labels>
        <label name="issue" value="1"/>
        <label name="issue" value="5.7.0.04第五轮"/>
        <label name="thread" value="-1451228736"/>
      </labels>
      <steps/>
    </test-case>
    <test-case severity="normal" start="1548036331257" status="failed" stop="1548036331260">
      <description>节目账号加载事件vl-字段值</description>
      <name>节目账号加载事件vl-字段值</name>
      <failure>
        <message>Parent suite setup failed:
WebDriverException: Message: An unknown server-side error occurred while processing the command. Original error: Unable to launch WebDriverAgent because of xcodebuild failure: "xcodebuild failed with code 65". Make sure you follow the tutorial at https://github.com/appium/appium-xcuitest-driver/blob/master/docs/real-device-config.md. Try to remove the WebDriverAgentRunner application from the device if it is installed and reboot the device.
</message>
        <stack-trace></stack-trace>
      </failure>
      <attachments/>
      <labels>
        <label name="issue" value="1"/>
        <label name="issue" value="5.7.0.04第五轮"/>
        <label name="thread" value="-1451228736"/>
      </labels>
      <steps/>
    </test-case>
    <test-case severity="normal" start="1548036331263" status="failed" stop="1548036331265">
      <description>猜你喜欢加载事件vl-条数</description>
      <name>猜你喜欢加载事件vl-条数</name>
      <failure>
        <message>Parent suite setup failed:
WebDriverException: Message: An unknown server-side error occurred while processing the command. Original error: Unable to launch WebDriverAgent because of xcodebuild failure: "xcodebuild failed with code 65". Make sure you follow the tutorial at https://github.com/appium/appium-xcuitest-driver/blob/master/docs/real-device-config.md. Try to remove the WebDriverAgentRunner application from the device if it is installed and reboot the device.
</message>
        <stack-trace></stack-trace>
      </failure>
      <attachments/>
      <labels>
        <label name="issue" value="1"/>
        <label name="issue" value="5.7.0.04第五轮"/>
        <label name="thread" value="-1451228736"/>
      </labels>
      <steps/>
    </test-case>
    <test-case severity="normal" start="1548036331269" status="failed" stop="1548036331271">
      <description>猜你喜欢加载事件vl-字段</description>
      <name>猜你喜欢加载事件vl-字段</name>
      <failure>
        <message>Parent suite setup failed:
WebDriverException: Message: An unknown server-side error occurred while processing the command. Original error: Unable to launch WebDriverAgent because of xcodebuild failure: "xcodebuild failed with code 65". Make sure you follow the tutorial at https://github.com/appium/appium-xcuitest-driver/blob/master/docs/real-device-config.md. Try to remove the WebDriverAgentRunner application from the device if it is installed and reboot the device.
</message>
        <stack-trace></stack-trace>
      </failure>
      <attachments/>
      <labels>
        <label name="issue" value="1"/>
        <label name="issue" value="5.7.0.04第五轮"/>
        <label name="thread" value="-1451228736"/>
      </labels>
      <steps/>
    </test-case>
    <test-case severity="normal" start="1548036331274" status="failed" stop="1548036331277">
      <description>猜你喜欢加载事件vl-字段值</description>
      <name>猜你喜欢加载事件vl-字段值</name>
      <failure>
        <message>Parent suite setup failed:
WebDriverException: Message: An unknown server-side error occurred while processing the command. Original error: Unable to launch WebDriverAgent because of xcodebuild failure: "xcodebuild failed with code 65". Make sure you follow the tutorial at https://github.com/appium/appium-xcuitest-driver/blob/master/docs/real-device-config.md. Try to remove the WebDriverAgentRunner application from the device if it is installed and reboot the device.
</message>
        <stack-trace></stack-trace>
      </failure>
      <attachments/>
      <labels>
        <label name="issue" value="1"/>
        <label name="issue" value="5.7.0.04第五轮"/>
        <label name="thread" value="-1451228736"/>
      </labels>
      <steps/>
    </test-case>
    <test-case severity="normal" start="1548036331279" status="failed" stop="1548036331282">
      <description>相关明星加载事件vl-条数</description>
      <name>相关明星加载事件vl-条数</name>
      <failure>
        <message>Parent suite setup failed:
WebDriverException: Message: An unknown server-side error occurred while processing the command. Original error: Unable to launch WebDriverAgent because of xcodebuild failure: "xcodebuild failed with code 65". Make sure you follow the tutorial at https://github.com/appium/appium-xcuitest-driver/blob/master/docs/real-device-config.md. Try to remove the WebDriverAgentRunner application from the device if it is installed and reboot the device.
</message>
        <stack-trace></stack-trace>
      </failure>
      <attachments/>
      <labels>
        <label name="issue" value="1"/>
        <label name="issue" value="5.7.0.04第五轮"/>
        <label name="thread" value="-1451228736"/>
      </labels>
      <steps/>
    </test-case>
    <test-case severity="normal" start="1548036331285" status="failed" stop="1548036331290">
      <description>相关明星加载事件vl-字段</description>
      <name>相关明星加载事件vl-字段</name>
      <failure>
        <message>Parent suite setup failed:
WebDriverException: Message: An unknown server-side error occurred while processing the command. Original error: Unable to launch WebDriverAgent because of xcodebuild failure: "xcodebuild failed with code 65". Make sure you follow the tutorial at https://github.com/appium/appium-xcuitest-driver/blob/master/docs/real-device-config.md. Try to remove the WebDriverAgentRunner application from the device if it is installed and reboot the device.
</message>
        <stack-trace></stack-trace>
      </failure>
      <attachments/>
      <labels>
        <label name="issue" value="1"/>
        <label name="issue" value="5.7.0.04第五轮"/>
        <label name="thread" value="-1451228736"/>
      </labels>
      <steps/>
    </test-case>
    <test-case severity="normal" start="1548036331293" status="failed" stop="1548036331298">
      <description>相关明星加载事件vl-字段值</description>
      <name>相关明星加载事件vl-字段值</name>
      <failure>
        <message>Parent suite setup failed:
WebDriverException: Message: An unknown server-side error occurred while processing the command. Original error: Unable to launch WebDriverAgent because of xcodebuild failure: "xcodebuild failed with code 65". Make sure you follow the tutorial at https://github.com/appium/appium-xcuitest-driver/blob/master/docs/real-device-config.md. Try to remove the WebDriverAgentRunner application from the device if it is installed and reboot the device.
</message>
        <stack-trace></stack-trace>
      </failure>
      <attachments/>
      <labels>
        <label name="issue" value="1"/>
        <label name="issue" value="5.7.0.04第五轮"/>
        <label name="thread" value="-1451228736"/>
      </labels>
      <steps/>
    </test-case>
    <test-case severity="normal" start="1548036331301" status="failed" stop="1548036331305">
      <description>点击下载按钮pfc-条数</description>
      <name>点击下载按钮pfc-条数</name>
      <failure>
        <message>Parent suite setup failed:
WebDriverException: Message: An unknown server-side error occurred while processing the command. Original error: Unable to launch WebDriverAgent because of xcodebuild failure: "xcodebuild failed with code 65". Make sure you follow the tutorial at https://github.com/appium/appium-xcuitest-driver/blob/master/docs/real-device-config.md. Try to remove the WebDriverAgentRunner application from the device if it is installed and reboot the device.
</message>
        <stack-trace></stack-trace>
      </failure>
      <attachments/>
      <labels>
        <label name="issue" value="1"/>
        <label name="issue" value="5.7.0.04第五轮"/>
        <label name="thread" value="-1451228736"/>
      </labels>
      <steps/>
    </test-case>
    <test-case severity="normal" start="1548036331308" status="failed" stop="1548036331313">
      <description>点击下载按钮pfc-字段</description>
      <name>点击下载按钮pfc-字段</name>
      <failure>
        <message>Parent suite setup failed:
WebDriverException: Message: An unknown server-side error occurred while processing the command. Original error: Unable to launch WebDriverAgent because of xcodebuild failure: "xcodebuild failed with code 65". Make sure you follow the tutorial at https://github.com/appium/appium-xcuitest-driver/blob/master/docs/real-device-config.md. Try to remove the WebDriverAgentRunner application from the device if it is installed and reboot the device.
</message>
        <stack-trace></stack-trace>
      </failure>
      <attachments/>
      <labels>
        <label name="issue" value="1"/>
        <label name="issue" value="5.7.0.04第五轮"/>
        <label name="thread" value="-1451228736"/>
      </labels>
      <steps/>
    </test-case>
    <test-case severity="normal" start="1548036331316" status="failed" stop="1548036331318">
      <description>点击下载按钮pfc-字段值</description>
      <name>点击下载按钮pfc-字段值</name>
      <failure>
        <message>Parent suite setup failed:
WebDriverException: Message: An unknown server-side error occurred while processing the command. Original error: Unable to launch WebDriverAgent because of xcodebuild failure: "xcodebuild failed with code 65". Make sure you follow the tutorial at https://github.com/appium/appium-xcuitest-driver/blob/master/docs/real-device-config.md. Try to remove the WebDriverAgentRunner application from the device if it is installed and reboot the device.
</message>
        <stack-trace></stack-trace>
      </failure>
      <attachments/>
      <labels>
        <label name="issue" value="1"/>
        <label name="issue" value="5.7.0.04第五轮"/>
        <label name="thread" value="-1451228736"/>
      </labels>
      <steps/>
    </test-case>
    <test-case severity="normal" start="1548036331320" status="failed" stop="1548036331323">
      <description>下载pvs1-条数0</description>
      <name>下载pvs1-条数0</name>
      <failure>
        <message>Parent suite setup failed:
WebDriverException: Message: An unknown server-side error occurred while processing the command. Original error: Unable to launch WebDriverAgent because of xcodebuild failure: "xcodebuild failed with code 65". Make sure you follow the tutorial at https://github.com/appium/appium-xcuitest-driver/blob/master/docs/real-device-config.md. Try to remove the WebDriverAgentRunner application from the device if it is installed and reboot the device.
</message>
        <stack-trace></stack-trace>
      </failure>
      <attachments/>
      <labels>
        <label name="issue" value="1"/>
        <label name="issue" value="5.7.0.04第五轮"/>
        <label name="thread" value="-1451228736"/>
      </labels>
      <steps/>
    </test-case>
    <test-case severity="normal" start="1548036331325" status="failed" stop="1548036331328">
      <description>下载cdn1-条数</description>
      <name>下载cdn1-条数</name>
      <failure>
        <message>Parent suite setup failed:
WebDriverException: Message: An unknown server-side error occurred while processing the command. Original error: Unable to launch WebDriverAgent because of xcodebuild failure: "xcodebuild failed with code 65". Make sure you follow the tutorial at https://github.com/appium/appium-xcuitest-driver/blob/master/docs/real-device-config.md. Try to remove the WebDriverAgentRunner application from the device if it is installed and reboot the device.
</message>
        <stack-trace></stack-trace>
      </failure>
      <attachments/>
      <labels>
        <label name="issue" value="1"/>
        <label name="issue" value="5.7.0.04第五轮"/>
        <label name="thread" value="-1451228736"/>
      </labels>
      <steps/>
    </test-case>
    <test-case severity="normal" start="1548036331329" status="failed" stop="1548036331332">
      <description>下载cdn1-字段</description>
      <name>下载cdn1-字段</name>
      <failure>
        <message>Parent suite setup failed:
WebDriverException: Message: An unknown server-side error occurred while processing the command. Original error: Unable to launch WebDriverAgent because of xcodebuild failure: "xcodebuild failed with code 65". Make sure you follow the tutorial at https://github.com/appium/appium-xcuitest-driver/blob/master/docs/real-device-config.md. Try to remove the WebDriverAgentRunner application from the device if it is installed and reboot the device.
</message>
        <stack-trace></stack-trace>
      </failure>
      <attachments/>
      <labels>
        <label name="issue" value="1"/>
        <label name="issue" value="5.7.0.04第五轮"/>
        <label name="thread" value="-1451228736"/>
      </labels>
      <steps/>
    </test-case>
    <test-case severity="normal" start="1548036331334" status="failed" stop="1548036331336">
      <description>下载cdn1-字段值</description>
      <name>下载cdn1-字段值</name>
      <failure>
        <message>Parent suite setup failed:
WebDriverException: Message: An unknown server-side error occurred while processing the command. Original error: Unable to launch WebDriverAgent because of xcodebuild failure: "xcodebuild failed with code 65". Make sure you follow the tutorial at https://github.com/appium/appium-xcuitest-driver/blob/master/docs/real-device-config.md. Try to remove the WebDriverAgentRunner application from the device if it is installed and reboot the device.
</message>
        <stack-trace></stack-trace>
      </failure>
      <attachments/>
      <labels>
        <label name="issue" value="1"/>
        <label name="issue" value="5.7.0.04第五轮"/>
        <label name="thread" value="-1451228736"/>
      </labels>
      <steps/>
    </test-case>
    <test-case severity="normal" start="1548036331338" status="failed" stop="1548036331340">
      <description>下载开始事件ds-条数</description>
      <name>下载开始事件ds-条数</name>
      <failure>
        <message>Parent suite setup failed:
WebDriverException: Message: An unknown server-side error occurred while processing the command. Original error: Unable to launch WebDriverAgent because of xcodebuild failure: "xcodebuild failed with code 65". Make sure you follow the tutorial at https://github.com/appium/appium-xcuitest-driver/blob/master/docs/real-device-config.md. Try to remove the WebDriverAgentRunner application from the device if it is installed and reboot the device.
</message>
        <stack-trace></stack-trace>
      </failure>
      <attachments/>
      <labels>
        <label name="issue" value="1"/>
        <label name="issue" value="5.7.0.04第五轮"/>
        <label name="thread" value="-1451228736"/>
      </labels>
      <steps/>
    </test-case>
    <test-case severity="normal" start="1548036331343" status="failed" stop="1548036331348">
      <description>下载开始事件ds-字段</description>
      <name>下载开始事件ds-字段</name>
      <failure>
        <message>Parent suite setup failed:
WebDriverException: Message: An unknown server-side error occurred while processing the command. Original error: Unable to launch WebDriverAgent because of xcodebuild failure: "xcodebuild failed with code 65". Make sure you follow the tutorial at https://github.com/appium/appium-xcuitest-driver/blob/master/docs/real-device-config.md. Try to remove the WebDriverAgentRunner application from the device if it is installed and reboot the device.
</message>
        <stack-trace></stack-trace>
      </failure>
      <attachments/>
      <labels>
        <label name="issue" value="1"/>
        <label name="issue" value="5.7.0.04第五轮"/>
        <label name="thread" value="-1451228736"/>
      </labels>
      <steps/>
    </test-case>
    <test-case severity="normal" start="1548036331350" status="failed" stop="1548036331353">
      <description>下载开始事件ds-字段值</description>
      <name>下载开始事件ds-字段值</name>
      <failure>
        <message>Parent suite setup failed:
WebDriverException: Message: An unknown server-side error occurred while processing the command. Original error: Unable to launch WebDriverAgent because of xcodebuild failure: "xcodebuild failed with code 65". Make sure you follow the tutorial at https://github.com/appium/appium-xcuitest-driver/blob/master/docs/real-device-config.md. Try to remove the WebDriverAgentRunner application from the device if it is installed and reboot the device.
</message>
        <stack-trace></stack-trace>
      </failure>
      <attachments/>
      <labels>
        <label name="issue" value="1"/>
        <label name="issue" value="5.7.0.04第五轮"/>
        <label name="thread" value="-1451228736"/>
      </labels>
      <steps/>
    </test-case>
    <test-case severity="normal" start="1548036331354" status="failed" stop="1548036331359">
      <description>下载cdn2-条数</description>
      <name>下载cdn2-条数</name>
      <failure>
        <message>Parent suite setup failed:
WebDriverException: Message: An unknown server-side error occurred while processing the command. Original error: Unable to launch WebDriverAgent because of xcodebuild failure: "xcodebuild failed with code 65". Make sure you follow the tutorial at https://github.com/appium/appium-xcuitest-driver/blob/master/docs/real-device-config.md. Try to remove the WebDriverAgentRunner application from the device if it is installed and reboot the device.
</message>
        <stack-trace></stack-trace>
      </failure>
      <attachments/>
      <labels>
        <label name="issue" value="1"/>
        <label name="issue" value="5.7.0.04第五轮"/>
        <label name="thread" value="-1451228736"/>
      </labels>
      <steps/>
    </test-case>
    <test-case severity="normal" start="1548036331362" status="failed" stop="1548036331366">
      <description>下载cdn2-字段</description>
      <name>下载cdn2-字段</name>
      <failure>
        <message>Parent suite setup failed:
WebDriverException: Message: An unknown server-side error occurred while processing the command. Original error: Unable to launch WebDriverAgent because of xcodebuild failure: "xcodebuild failed with code 65". Make sure you follow the tutorial at https://github.com/appium/appium-xcuitest-driver/blob/master/docs/real-device-config.md. Try to remove the WebDriverAgentRunner application from the device if it is installed and reboot the device.
</message>
        <stack-trace></stack-trace>
      </failure>
      <attachments/>
      <labels>
        <label name="issue" value="1"/>
        <label name="issue" value="5.7.0.04第五轮"/>
        <label name="thread" value="-1451228736"/>
      </labels>
      <steps/>
    </test-case>
    <test-case severity="normal" start="1548036331367" status="failed" stop="1548036331371">
      <description>下载cdn2-字段值</description>
      <name>下载cdn2-字段值</name>
      <failure>
        <message>Parent suite setup failed:
WebDriverException: Message: An unknown server-side error occurred while processing the command. Original error: Unable to launch WebDriverAgent because of xcodebuild failure: "xcodebuild failed with code 65". Make sure you follow the tutorial at https://github.com/appium/appium-xcuitest-driver/blob/master/docs/real-device-config.md. Try to remove the WebDriverAgentRunner application from the device if it is installed and reboot the device.
</message>
        <stack-trace></stack-trace>
      </failure>
      <attachments/>
      <labels>
        <label name="issue" value="1"/>
        <label name="issue" value="5.7.0.04第五轮"/>
        <label name="thread" value="-1451228736"/>
      </labels>
      <steps/>
    </test-case>
    <test-case severity="normal" start="1548036331373" status="failed" stop="1548036331376">
      <description>下载cdn3-条数</description>
      <name>下载cdn3-条数</name>
      <failure>
        <message>Parent suite setup failed:
WebDriverException: Message: An unknown server-side error occurred while processing the command. Original error: Unable to launch WebDriverAgent because of xcodebuild failure: "xcodebuild failed with code 65". Make sure you follow the tutorial at https://github.com/appium/appium-xcuitest-driver/blob/master/docs/real-device-config.md. Try to remove the WebDriverAgentRunner application from the device if it is installed and reboot the device.
</message>
        <stack-trace></stack-trace>
      </failure>
      <attachments/>
      <labels>
        <label name="issue" value="1"/>
        <label name="issue" value="5.7.0.04第五轮"/>
        <label name="thread" value="-1451228736"/>
      </labels>
      <steps/>
    </test-case>
    <test-case severity="normal" start="1548036331377" status="failed" stop="1548036331381">
      <description>下载cdn3-字段</description>
      <name>下载cdn3-字段</name>
      <failure>
        <message>Parent suite setup failed:
WebDriverException: Message: An unknown server-side error occurred while processing the command. Original error: Unable to launch WebDriverAgent because of xcodebuild failure: "xcodebuild failed with code 65". Make sure you follow the tutorial at https://github.com/appium/appium-xcuitest-driver/blob/master/docs/real-device-config.md. Try to remove the WebDriverAgentRunner application from the device if it is installed and reboot the device.
</message>
        <stack-trace></stack-trace>
      </failure>
      <attachments/>
      <labels>
        <label name="issue" value="1"/>
        <label name="issue" value="5.7.0.04第五轮"/>
        <label name="thread" value="-1451228736"/>
      </labels>
      <steps/>
    </test-case>
    <test-case severity="normal" start="1548036331383" status="failed" stop="1548036331385">
      <description>下载cdn3-字段值</description>
      <name>下载cdn3-字段值</name>
      <failure>
        <message>Parent suite setup failed:
WebDriverException: Message: An unknown server-side error occurred while processing the command. Original error: Unable to launch WebDriverAgent because of xcodebuild failure: "xcodebuild failed with code 65". Make sure you follow the tutorial at https://github.com/appium/appium-xcuitest-driver/blob/master/docs/real-device-config.md. Try to remove the WebDriverAgentRunner application from the device if it is installed and reboot the device.
</message>
        <stack-trace></stack-trace>
      </failure>
      <attachments/>
      <labels>
        <label name="issue" value="1"/>
        <label name="issue" value="5.7.0.04第五轮"/>
        <label name="thread" value="-1451228736"/>
      </labels>
      <steps/>
    </test-case>
    <test-case severity="normal" start="1548036331387" status="failed" stop="1548036331390">
      <description>退出下载pvs1-条数</description>
      <name>退出下载pvs1-条数</name>
      <failure>
        <message>Parent suite setup failed:
WebDriverException: Message: An unknown server-side error occurred while processing the command. Original error: Unable to launch WebDriverAgent because of xcodebuild failure: "xcodebuild failed with code 65". Make sure you follow the tutorial at https://github.com/appium/appium-xcuitest-driver/blob/master/docs/real-device-config.md. Try to remove the WebDriverAgentRunner application from the device if it is installed and reboot the device.
</message>
        <stack-trace></stack-trace>
      </failure>
      <attachments/>
      <labels>
        <label name="issue" value="1"/>
        <label name="issue" value="5.7.0.04第五轮"/>
        <label name="thread" value="-1451228736"/>
      </labels>
      <steps/>
    </test-case>
    <test-case severity="normal" start="1548036331392" status="failed" stop="1548036331395">
      <description>点击赞pfc-条数</description>
      <name>点击赞pfc-条数</name>
      <failure>
        <message>Parent suite setup failed:
WebDriverException: Message: An unknown server-side error occurred while processing the command. Original error: Unable to launch WebDriverAgent because of xcodebuild failure: "xcodebuild failed with code 65". Make sure you follow the tutorial at https://github.com/appium/appium-xcuitest-driver/blob/master/docs/real-device-config.md. Try to remove the WebDriverAgentRunner application from the device if it is installed and reboot the device.
</message>
        <stack-trace></stack-trace>
      </failure>
      <attachments/>
      <labels>
        <label name="issue" value="1"/>
        <label name="issue" value="5.7.0.04第五轮"/>
        <label name="thread" value="-1451228736"/>
      </labels>
      <steps/>
    </test-case>
    <test-case severity="normal" start="1548036331400" status="failed" stop="1548036331405">
      <description>点击赞pfc-字段</description>
      <name>点击赞pfc-字段</name>
      <failure>
        <message>Parent suite setup failed:
WebDriverException: Message: An unknown server-side error occurred while processing the command. Original error: Unable to launch WebDriverAgent because of xcodebuild failure: "xcodebuild failed with code 65". Make sure you follow the tutorial at https://github.com/appium/appium-xcuitest-driver/blob/master/docs/real-device-config.md. Try to remove the WebDriverAgentRunner application from the device if it is installed and reboot the device.
</message>
        <stack-trace></stack-trace>
      </failure>
      <attachments/>
      <labels>
        <label name="issue" value="1"/>
        <label name="issue" value="5.7.0.04第五轮"/>
        <label name="thread" value="-1451228736"/>
      </labels>
      <steps/>
    </test-case>
    <test-case severity="normal" start="1548036331411" status="failed" stop="1548036331420">
      <description>点击赞pfc-字段值</description>
      <name>点击赞pfc-字段值</name>
      <failure>
        <message>Parent suite setup failed:
WebDriverException: Message: An unknown server-side error occurred while processing the command. Original error: Unable to launch WebDriverAgent because of xcodebuild failure: "xcodebuild failed with code 65". Make sure you follow the tutorial at https://github.com/appium/appium-xcuitest-driver/blob/master/docs/real-device-config.md. Try to remove the WebDriverAgentRunner application from the device if it is installed and reboot the device.
</message>
        <stack-trace></stack-trace>
      </failure>
      <attachments/>
      <labels>
        <label name="issue" value="1"/>
        <label name="issue" value="5.7.0.04第五轮"/>
        <label name="thread" value="-1451228736"/>
      </labels>
      <steps/>
    </test-case>
    <test-case severity="normal" start="1548036331422" status="failed" stop="1548036331425">
      <description>点击收藏pfc-条数</description>
      <name>点击收藏pfc-条数</name>
      <failure>
        <message>Parent suite setup failed:
WebDriverException: Message: An unknown server-side error occurred while processing the command. Original error: Unable to launch WebDriverAgent because of xcodebuild failure: "xcodebuild failed with code 65". Make sure you follow the tutorial at https://github.com/appium/appium-xcuitest-driver/blob/master/docs/real-device-config.md. Try to remove the WebDriverAgentRunner application from the device if it is installed and reboot the device.
</message>
        <stack-trace></stack-trace>
      </failure>
      <attachments/>
      <labels>
        <label name="issue" value="1"/>
        <label name="issue" value="5.7.0.04第五轮"/>
        <label name="thread" value="-1451228736"/>
      </labels>
      <steps/>
    </test-case>
    <test-case severity="normal" start="1548036331427" status="failed" stop="1548036331429">
      <description>点击收藏pfc-字段</description>
      <name>点击收藏pfc-字段</name>
      <failure>
        <message>Parent suite setup failed:
WebDriverException: Message: An unknown server-side error occurred while processing the command. Original error: Unable to launch WebDriverAgent because of xcodebuild failure: "xcodebuild failed with code 65". Make sure you follow the tutorial at https://github.com/appium/appium-xcuitest-driver/blob/master/docs/real-device-config.md. Try to remove the WebDriverAgentRunner application from the device if it is installed and reboot the device.
</message>
        <stack-trace></stack-trace>
      </failure>
      <attachments/>
      <labels>
        <label name="issue" value="1"/>
        <label name="issue" value="5.7.0.04第五轮"/>
        <label name="thread" value="-1451228736"/>
      </labels>
      <steps/>
    </test-case>
    <test-case severity="normal" start="1548036331431" status="failed" stop="1548036331433">
      <description>点击收藏pfc-字段值</description>
      <name>点击收藏pfc-字段值</name>
      <failure>
        <message>Parent suite setup failed:
WebDriverException: Message: An unknown server-side error occurred while processing the command. Original error: Unable to launch WebDriverAgent because of xcodebuild failure: "xcodebuild failed with code 65". Make sure you follow the tutorial at https://github.com/appium/appium-xcuitest-driver/blob/master/docs/real-device-config.md. Try to remove the WebDriverAgentRunner application from the device if it is installed and reboot the device.
</message>
        <stack-trace></stack-trace>
      </failure>
      <attachments/>
      <labels>
        <label name="issue" value="1"/>
        <label name="issue" value="5.7.0.04第五轮"/>
        <label name="thread" value="-1451228736"/>
      </labels>
      <steps/>
    </test-case>
    <test-case severity="normal" start="1548036331435" status="failed" stop="1548036331438">
      <description>点击节目简介pfc-条数</description>
      <name>点击节目简介pfc-条数</name>
      <failure>
        <message>Parent suite setup failed:
WebDriverException: Message: An unknown server-side error occurred while processing the command. Original error: Unable to launch WebDriverAgent because of xcodebuild failure: "xcodebuild failed with code 65". Make sure you follow the tutorial at https://github.com/appium/appium-xcuitest-driver/blob/master/docs/real-device-config.md. Try to remove the WebDriverAgentRunner application from the device if it is installed and reboot the device.
</message>
        <stack-trace></stack-trace>
      </failure>
      <attachments/>
      <labels>
        <label name="issue" value="1"/>
        <label name="issue" value="5.7.0.04第五轮"/>
        <label name="thread" value="-1451228736"/>
      </labels>
      <steps/>
    </test-case>
    <test-case severity="normal" start="1548036331439" status="failed" stop="1548036331442">
      <description>点击节目简介pfc-字段</description>
      <name>点击节目简介pfc-字段</name>
      <failure>
        <message>Parent suite setup failed:
WebDriverException: Message: An unknown server-side error occurred while processing the command. Original error: Unable to launch WebDriverAgent because of xcodebuild failure: "xcodebuild failed with code 65". Make sure you follow the tutorial at https://github.com/appium/appium-xcuitest-driver/blob/master/docs/real-device-config.md. Try to remove the WebDriverAgentRunner application from the device if it is installed and reboot the device.
</message>
        <stack-trace></stack-trace>
      </failure>
      <attachments/>
      <labels>
        <label name="issue" value="1"/>
        <label name="issue" value="5.7.0.04第五轮"/>
        <label name="thread" value="-1451228736"/>
      </labels>
      <steps/>
    </test-case>
    <test-case severity="normal" start="1548036331444" status="failed" stop="1548036331446">
      <description>点击节目简介pfc-字段值</description>
      <name>点击节目简介pfc-字段值</name>
      <failure>
        <message>Parent suite setup failed:
WebDriverException: Message: An unknown server-side error occurred while processing the command. Original error: Unable to launch WebDriverAgent because of xcodebuild failure: "xcodebuild failed with code 65". Make sure you follow the tutorial at https://github.com/appium/appium-xcuitest-driver/blob/master/docs/real-device-config.md. Try to remove the WebDriverAgentRunner application from the device if it is installed and reboot the device.
</message>
        <stack-trace></stack-trace>
      </failure>
      <attachments/>
      <labels>
        <label name="issue" value="1"/>
        <label name="issue" value="5.7.0.04第五轮"/>
        <label name="thread" value="-1451228736"/>
      </labels>
      <steps/>
    </test-case>
    <test-case severity="normal" start="1548036331448" status="failed" stop="1548036331452">
      <description>退出播放pvs1-条数</description>
      <name>退出播放pvs1-条数</name>
      <failure>
        <message>Parent suite setup failed:
WebDriverException: Message: An unknown server-side error occurred while processing the command. Original error: Unable to launch WebDriverAgent because of xcodebuild failure: "xcodebuild failed with code 65". Make sure you follow the tutorial at https://github.com/appium/appium-xcuitest-driver/blob/master/docs/real-device-config.md. Try to remove the WebDriverAgentRunner application from the device if it is installed and reboot the device.
</message>
        <stack-trace></stack-trace>
      </failure>
      <attachments/>
      <labels>
        <label name="issue" value="1"/>
        <label name="issue" value="5.7.0.04第五轮"/>
        <label name="thread" value="-1451228736"/>
      </labels>
      <steps/>
    </test-case>
    <test-case severity="normal" start="1548036331455" status="failed" stop="1548036331458">
      <description>退出播放pvs1-字段</description>
      <name>退出播放pvs1-字段</name>
      <failure>
        <message>Parent suite setup failed:
WebDriverException: Message: An unknown server-side error occurred while processing the command. Original error: Unable to launch WebDriverAgent because of xcodebuild failure: "xcodebuild failed with code 65". Make sure you follow the tutorial at https://github.com/appium/appium-xcuitest-driver/blob/master/docs/real-device-config.md. Try to remove the WebDriverAgentRunner application from the device if it is installed and reboot the device.
</message>
        <stack-trace></stack-trace>
      </failure>
      <attachments/>
      <labels>
        <label name="issue" value="1"/>
        <label name="issue" value="5.7.0.04第五轮"/>
        <label name="thread" value="-1451228736"/>
      </labels>
      <steps/>
    </test-case>
    <test-case severity="normal" start="1548036331461" status="failed" stop="1548036331464">
      <description>退出播放pvs1-字段值</description>
      <name>退出播放pvs1-字段值</name>
      <failure>
        <message>Parent suite setup failed:
WebDriverException: Message: An unknown server-side error occurred while processing the command. Original error: Unable to launch WebDriverAgent because of xcodebuild failure: "xcodebuild failed with code 65". Make sure you follow the tutorial at https://github.com/appium/appium-xcuitest-driver/blob/master/docs/real-device-config.md. Try to remove the WebDriverAgentRunner application from the device if it is installed and reboot the device.
</message>
        <stack-trace></stack-trace>
      </failure>
      <attachments/>
      <labels>
        <label name="issue" value="1"/>
        <label name="issue" value="5.7.0.04第五轮"/>
        <label name="thread" value="-1451228736"/>
      </labels>
      <steps/>
    </test-case>
    <test-case severity="normal" start="1548036331466" status="failed" stop="1548036331469">
      <description>退出卡顿-条数</description>
      <name>退出卡顿-条数</name>
      <failure>
        <message>Parent suite setup failed:
WebDriverException: Message: An unknown server-side error occurred while processing the command. Original error: Unable to launch WebDriverAgent because of xcodebuild failure: "xcodebuild failed with code 65". Make sure you follow the tutorial at https://github.com/appium/appium-xcuitest-driver/blob/master/docs/real-device-config.md. Try to remove the WebDriverAgentRunner application from the device if it is installed and reboot the device.
</message>
        <stack-trace></stack-trace>
      </failure>
      <attachments/>
      <labels>
        <label name="issue" value="1"/>
        <label name="issue" value="5.7.0.04第五轮"/>
        <label name="thread" value="-1451228736"/>
      </labels>
      <steps/>
    </test-case>
    <test-case severity="normal" start="1548036331470" status="failed" stop="1548036331473">
      <description>退出卡顿-字段</description>
      <name>退出卡顿-字段</name>
      <failure>
        <message>Parent suite setup failed:
WebDriverException: Message: An unknown server-side error occurred while processing the command. Original error: Unable to launch WebDriverAgent because of xcodebuild failure: "xcodebuild failed with code 65". Make sure you follow the tutorial at https://github.com/appium/appium-xcuitest-driver/blob/master/docs/real-device-config.md. Try to remove the WebDriverAgentRunner application from the device if it is installed and reboot the device.
</message>
        <stack-trace></stack-trace>
      </failure>
      <attachments/>
      <labels>
        <label name="issue" value="1"/>
        <label name="issue" value="5.7.0.04第五轮"/>
        <label name="thread" value="-1451228736"/>
      </labels>
      <steps/>
    </test-case>
    <test-case severity="normal" start="1548036331475" status="failed" stop="1548036331478">
      <description>退出卡顿-字段值</description>
      <name>退出卡顿-字段值</name>
      <failure>
        <message>Parent suite setup failed:
WebDriverException: Message: An unknown server-side error occurred while processing the command. Original error: Unable to launch WebDriverAgent because of xcodebuild failure: "xcodebuild failed with code 65". Make sure you follow the tutorial at https://github.com/appium/appium-xcuitest-driver/blob/master/docs/real-device-config.md. Try to remove the WebDriverAgentRunner application from the device if it is installed and reboot the device.
</message>
        <stack-trace></stack-trace>
      </failure>
      <attachments/>
      <labels>
        <label name="issue" value="1"/>
        <label name="issue" value="5.7.0.04第五轮"/>
        <label name="thread" value="-1451228736"/>
      </labels>
      <steps/>
    </test-case>
    <test-case severity="normal" start="1548036331480" status="failed" stop="1548036331482">
      <description>点播页再次进入pvs1-条数</description>
      <name>点播页再次进入pvs1-条数</name>
      <failure>
        <message>Parent suite setup failed:
WebDriverException: Message: An unknown server-side error occurred while processing the command. Original error: Unable to launch WebDriverAgent because of xcodebuild failure: "xcodebuild failed with code 65". Make sure you follow the tutorial at https://github.com/appium/appium-xcuitest-driver/blob/master/docs/real-device-config.md. Try to remove the WebDriverAgentRunner application from the device if it is installed and reboot the device.
</message>
        <stack-trace></stack-trace>
      </failure>
      <attachments/>
      <labels>
        <label name="issue" value="1"/>
        <label name="issue" value="5.7.0.04第五轮"/>
        <label name="thread" value="-1451228736"/>
      </labels>
      <steps/>
    </test-case>
    <test-case severity="normal" start="1548036331485" status="failed" stop="1548036331488">
      <description>点播页再次进入pvs1-字段</description>
      <name>点播页再次进入pvs1-字段</name>
      <failure>
        <message>Parent suite setup failed:
WebDriverException: Message: An unknown server-side error occurred while processing the command. Original error: Unable to launch WebDriverAgent because of xcodebuild failure: "xcodebuild failed with code 65". Make sure you follow the tutorial at https://github.com/appium/appium-xcuitest-driver/blob/master/docs/real-device-config.md. Try to remove the WebDriverAgentRunner application from the device if it is installed and reboot the device.
</message>
        <stack-trace></stack-trace>
      </failure>
      <attachments/>
      <labels>
        <label name="issue" value="1"/>
        <label name="issue" value="5.7.0.04第五轮"/>
        <label name="thread" value="-1451228736"/>
      </labels>
      <steps/>
    </test-case>
    <test-case severity="normal" start="1548036331490" status="failed" stop="1548036331493">
      <description>点播页再次进入pvs1-字段值</description>
      <name>点播页再次进入pvs1-字段值</name>
      <failure>
        <message>Parent suite setup failed:
WebDriverException: Message: An unknown server-side error occurred while processing the command. Original error: Unable to launch WebDriverAgent because of xcodebuild failure: "xcodebuild failed with code 65". Make sure you follow the tutorial at https://github.com/appium/appium-xcuitest-driver/blob/master/docs/real-device-config.md. Try to remove the WebDriverAgentRunner application from the device if it is installed and reboot the device.
</message>
        <stack-trace></stack-trace>
      </failure>
      <attachments/>
      <labels>
        <label name="issue" value="1"/>
        <label name="issue" value="5.7.0.04第五轮"/>
        <label name="thread" value="-1451228736"/>
      </labels>
      <steps/>
    </test-case>
    <test-case severity="normal" start="1548036331494" status="failed" stop="1548036331497">
      <description>点击踩pfc-条数</description>
      <name>点击踩pfc-条数</name>
      <failure>
        <message>Parent suite setup failed:
WebDriverException: Message: An unknown server-side error occurred while processing the command. Original error: Unable to launch WebDriverAgent because of xcodebuild failure: "xcodebuild failed with code 65". Make sure you follow the tutorial at https://github.com/appium/appium-xcuitest-driver/blob/master/docs/real-device-config.md. Try to remove the WebDriverAgentRunner application from the device if it is installed and reboot the device.
</message>
        <stack-trace></stack-trace>
      </failure>
      <attachments/>
      <labels>
        <label name="issue" value="1"/>
        <label name="issue" value="5.7.0.04第五轮"/>
        <label name="thread" value="-1451228736"/>
      </labels>
      <steps/>
    </test-case>
    <test-case severity="normal" start="1548036331499" status="failed" stop="1548036331502">
      <description>点击踩pfc-字段</description>
      <name>点击踩pfc-字段</name>
      <failure>
        <message>Parent suite setup failed:
WebDriverException: Message: An unknown server-side error occurred while processing the command. Original error: Unable to launch WebDriverAgent because of xcodebuild failure: "xcodebuild failed with code 65". Make sure you follow the tutorial at https://github.com/appium/appium-xcuitest-driver/blob/master/docs/real-device-config.md. Try to remove the WebDriverAgentRunner application from the device if it is installed and reboot the device.
</message>
        <stack-trace></stack-trace>
      </failure>
      <attachments/>
      <labels>
        <label name="issue" value="1"/>
        <label name="issue" value="5.7.0.04第五轮"/>
        <label name="thread" value="-1451228736"/>
      </labels>
      <steps/>
    </test-case>
    <test-case severity="normal" start="1548036331506" status="failed" stop="1548036331511">
      <description>点击踩pfc-字段值</description>
      <name>点击踩pfc-字段值</name>
      <failure>
        <message>Parent suite setup failed:
WebDriverException: Message: An unknown server-side error occurred while processing the command. Original error: Unable to launch WebDriverAgent because of xcodebuild failure: "xcodebuild failed with code 65". Make sure you follow the tutorial at https://github.com/appium/appium-xcuitest-driver/blob/master/docs/real-device-config.md. Try to remove the WebDriverAgentRunner application from the device if it is installed and reboot the device.
</message>
        <stack-trace></stack-trace>
      </failure>
      <attachments/>
      <labels>
        <label name="issue" value="1"/>
        <label name="issue" value="5.7.0.04第五轮"/>
        <label name="thread" value="-1451228736"/>
      </labels>
      <steps/>
    </test-case>
    <test-case severity="normal" start="1548036331515" status="failed" stop="1548036331518">
      <description>点击评论pvs1-条数0</description>
      <name>点击评论pvs1-条数0</name>
      <failure>
        <message>Parent suite setup failed:
WebDriverException: Message: An unknown server-side error occurred while processing the command. Original error: Unable to launch WebDriverAgent because of xcodebuild failure: "xcodebuild failed with code 65". Make sure you follow the tutorial at https://github.com/appium/appium-xcuitest-driver/blob/master/docs/real-device-config.md. Try to remove the WebDriverAgentRunner application from the device if it is installed and reboot the device.
</message>
        <stack-trace></stack-trace>
      </failure>
      <attachments/>
      <labels>
        <label name="issue" value="1"/>
        <label name="issue" value="5.7.0.04第五轮"/>
        <label name="thread" value="-1451228736"/>
      </labels>
      <steps/>
    </test-case>
    <test-case severity="normal" start="1548036331520" status="failed" stop="1548036331523">
      <description>点击评论pfc-条数</description>
      <name>点击评论pfc-条数</name>
      <failure>
        <message>Parent suite setup failed:
WebDriverException: Message: An unknown server-side error occurred while processing the command. Original error: Unable to launch WebDriverAgent because of xcodebuild failure: "xcodebuild failed with code 65". Make sure you follow the tutorial at https://github.com/appium/appium-xcuitest-driver/blob/master/docs/real-device-config.md. Try to remove the WebDriverAgentRunner application from the device if it is installed and reboot the device.
</message>
        <stack-trace></stack-trace>
      </failure>
      <attachments/>
      <labels>
        <label name="issue" value="1"/>
        <label name="issue" value="5.7.0.04第五轮"/>
        <label name="thread" value="-1451228736"/>
      </labels>
      <steps/>
    </test-case>
    <test-case severity="normal" start="1548036331525" status="failed" stop="1548036331527">
      <description>点击评论pfc-字段</description>
      <name>点击评论pfc-字段</name>
      <failure>
        <message>Parent suite setup failed:
WebDriverException: Message: An unknown server-side error occurred while processing the command. Original error: Unable to launch WebDriverAgent because of xcodebuild failure: "xcodebuild failed with code 65". Make sure you follow the tutorial at https://github.com/appium/appium-xcuitest-driver/blob/master/docs/real-device-config.md. Try to remove the WebDriverAgentRunner application from the device if it is installed and reboot the device.
</message>
        <stack-trace></stack-trace>
      </failure>
      <attachments/>
      <labels>
        <label name="issue" value="1"/>
        <label name="issue" value="5.7.0.04第五轮"/>
        <label name="thread" value="-1451228736"/>
      </labels>
      <steps/>
    </test-case>
    <test-case severity="normal" start="1548036331529" status="failed" stop="1548036331532">
      <description>点击评论pfc-字段值</description>
      <name>点击评论pfc-字段值</name>
      <failure>
        <message>Parent suite setup failed:
WebDriverException: Message: An unknown server-side error occurred while processing the command. Original error: Unable to launch WebDriverAgent because of xcodebuild failure: "xcodebuild failed with code 65". Make sure you follow the tutorial at https://github.com/appium/appium-xcuitest-driver/blob/master/docs/real-device-config.md. Try to remove the WebDriverAgentRunner application from the device if it is installed and reboot the device.
</message>
        <stack-trace></stack-trace>
      </failure>
      <attachments/>
      <labels>
        <label name="issue" value="1"/>
        <label name="issue" value="5.7.0.04第五轮"/>
        <label name="thread" value="-1451228736"/>
      </labels>
      <steps/>
    </test-case>
    <test-case severity="normal" start="1548036331534" status="failed" stop="1548036331538">
      <description>点击评论详情页pvs1-条数0</description>
      <name>点击评论详情页pvs1-条数0</name>
      <failure>
        <message>Parent suite setup failed:
WebDriverException: Message: An unknown server-side error occurred while processing the command. Original error: Unable to launch WebDriverAgent because of xcodebuild failure: "xcodebuild failed with code 65". Make sure you follow the tutorial at https://github.com/appium/appium-xcuitest-driver/blob/master/docs/real-device-config.md. Try to remove the WebDriverAgentRunner application from the device if it is installed and reboot the device.
</message>
        <stack-trace></stack-trace>
      </failure>
      <attachments/>
      <labels>
        <label name="issue" value="1"/>
        <label name="issue" value="5.7.0.04第五轮"/>
        <label name="thread" value="-1451228736"/>
      </labels>
      <steps/>
    </test-case>
    <test-case severity="normal" start="1548036331540" status="failed" stop="1548036331542">
      <description>评论详情页返回pvs1-条数0</description>
      <name>评论详情页返回pvs1-条数0</name>
      <failure>
        <message>Parent suite setup failed:
WebDriverException: Message: An unknown server-side error occurred while processing the command. Original error: Unable to launch WebDriverAgent because of xcodebuild failure: "xcodebuild failed with code 65". Make sure you follow the tutorial at https://github.com/appium/appium-xcuitest-driver/blob/master/docs/real-device-config.md. Try to remove the WebDriverAgentRunner application from the device if it is installed and reboot the device.
</message>
        <stack-trace></stack-trace>
      </failure>
      <attachments/>
      <labels>
        <label name="issue" value="1"/>
        <label name="issue" value="5.7.0.04第五轮"/>
        <label name="thread" value="-1451228736"/>
      </labels>
      <steps/>
    </test-case>
    <test-case severity="normal" start="1548036331545" status="failed" stop="1548036331547">
      <description>评论页返回pvs1-条数0</description>
      <name>评论页返回pvs1-条数0</name>
      <failure>
        <message>Parent suite setup failed:
WebDriverException: Message: An unknown server-side error occurred while processing the command. Original error: Unable to launch WebDriverAgent because of xcodebuild failure: "xcodebuild failed with code 65". Make sure you follow the tutorial at https://github.com/appium/appium-xcuitest-driver/blob/master/docs/real-device-config.md. Try to remove the WebDriverAgentRunner application from the device if it is installed and reboot the device.
</message>
        <stack-trace></stack-trace>
      </failure>
      <attachments/>
      <labels>
        <label name="issue" value="1"/>
        <label name="issue" value="5.7.0.04第五轮"/>
        <label name="thread" value="-1451228736"/>
      </labels>
      <steps>
        <step start="1548036331554" status="passed" stop="1548036331557">
          <name>BuiltIn.Run Keyword And Ignore Error</name>
          <title>BuiltIn.Run Keyword And Ignore Error</title>
          <attachments/>
          <steps>
            <step start="1548036331555" status="passed" stop="1548036331556">
              <name>AppiumLibrary.Close All Applications</name>
              <title>AppiumLibrary.Close All Applications</title>
              <attachments/>
              <steps/>
            </step>
          </steps>
        </step>
      </steps>
    </test-case>
  </test-cases>
</ns0:test-suite>
